{"numFailedTestSuites":1,"numFailedTests":27,"numPassedTestSuites":0,"numPassedTests":2,"numPendingTestSuites":0,"numPendingTests":0,"numRuntimeErrorTestSuites":0,"numTodoTests":0,"numTotalTestSuites":1,"numTotalTests":29,"openHandles":[],"snapshot":{"added":0,"didUpdate":false,"failure":false,"filesAdded":0,"filesRemoved":0,"filesRemovedList":[],"filesUnmatched":0,"filesUpdated":0,"matched":0,"total":0,"unchecked":0,"uncheckedKeysByFile":[],"unmatched":0,"updated":0},"startTime":1735817671447,"success":false,"testResults":[{"assertionResults":[{"ancestorTitles":["Structural | Render | EventBooking Component"],"failureMessages":["TestingLibraryElementError: Unable to find an element by: [data-testid=\"hostName\"]\n\nIgnored nodes: comments, script, style\n\u001b[36m<body>\u001b[39m\n  \u001b[36m<div>\u001b[39m\n    \u001b[36m<div\u001b[39m\n      \u001b[33mclass\u001b[39m=\u001b[32m\"container\"\u001b[39m\n    \u001b[36m>\u001b[39m\n      \u001b[36m<div\u001b[39m\n        \u001b[33mclass\u001b[39m=\u001b[32m\"row\"\u001b[39m\n      \u001b[36m>\u001b[39m\n        \u001b[36m<br />\u001b[39m\n        \u001b[36m<div\u001b[39m\n          \u001b[33mclass\u001b[39m=\u001b[32m\"offset-md-1 col-md-4\"\u001b[39m\n        \u001b[36m>\u001b[39m\n          \u001b[36m<br />\u001b[39m\n          \u001b[36m<div>\u001b[39m\n            \u001b[36m<div\u001b[39m\n              \u001b[33mclass\u001b[39m=\u001b[32m\"head\"\u001b[39m\n            \u001b[36m>\u001b[39m\n              \u001b[36m<h3>\u001b[39m\n                \u001b[36m<b>\u001b[39m\n                  \u001b[0mReserve your Event Date\u001b[0m\n                \u001b[36m</b>\u001b[39m\n              \u001b[36m</h3>\u001b[39m\n            \u001b[36m</div>\u001b[39m\n            \u001b[36m<div>\u001b[39m\n              \u001b[36m<form\u001b[39m\n                \u001b[33mclass\u001b[39m=\u001b[32m\"form\"\u001b[39m\n              \u001b[36m/>\u001b[39m\n            \u001b[36m</div>\u001b[39m\n          \u001b[36m</div>\u001b[39m\n        \u001b[36m</div>\u001b[39m\n      \u001b[36m</div>\u001b[39m\n    \u001b[36m</div>\u001b[39m\n  \u001b[36m</div>\u001b[39m\n\u001b[36m</body>\u001b[39m\n    at Object.getElementError (C:\\Users\\anjali.s08\\Desktop\\ReactWS\\REACT-with-Typescript\\EventEssence\\Event Essence\\EventEssence_ToTrainee\\node_modules\\@testing-library\\react\\node_modules\\@testing-library\\dom\\dist\\config.js:37:19)\n    at C:\\Users\\anjali.s08\\Desktop\\ReactWS\\REACT-with-Typescript\\EventEssence\\Event Essence\\EventEssence_ToTrainee\\node_modules\\@testing-library\\react\\node_modules\\@testing-library\\dom\\dist\\query-helpers.js:76:38\n    at C:\\Users\\anjali.s08\\Desktop\\ReactWS\\REACT-with-Typescript\\EventEssence\\Event Essence\\EventEssence_ToTrainee\\node_modules\\@testing-library\\react\\node_modules\\@testing-library\\dom\\dist\\query-helpers.js:52:17\n    at getByTestId (C:\\Users\\anjali.s08\\Desktop\\ReactWS\\REACT-with-Typescript\\EventEssence\\Event Essence\\EventEssence_ToTrainee\\node_modules\\@testing-library\\react\\node_modules\\@testing-library\\dom\\dist\\query-helpers.js:95:19)\n    at Object.<anonymous> (C:\\Users\\anjali.s08\\Desktop\\ReactWS\\REACT-with-Typescript\\EventEssence\\Event Essence\\EventEssence_ToTrainee\\src\\App.test.tsx:13:36)\n    at Promise.then.completed (C:\\Users\\anjali.s08\\Desktop\\ReactWS\\REACT-with-Typescript\\EventEssence\\Event Essence\\EventEssence_ToTrainee\\node_modules\\jest-circus\\build\\utils.js:391:28)\n    at new Promise (<anonymous>)\n    at callAsyncCircusFn (C:\\Users\\anjali.s08\\Desktop\\ReactWS\\REACT-with-Typescript\\EventEssence\\Event Essence\\EventEssence_ToTrainee\\node_modules\\jest-circus\\build\\utils.js:316:10)\n    at _callCircusTest (C:\\Users\\anjali.s08\\Desktop\\ReactWS\\REACT-with-Typescript\\EventEssence\\Event Essence\\EventEssence_ToTrainee\\node_modules\\jest-circus\\build\\run.js:218:40)\n    at processTicksAndRejections (node:internal/process/task_queues:95:5)\n    at _runTest (C:\\Users\\anjali.s08\\Desktop\\ReactWS\\REACT-with-Typescript\\EventEssence\\Event Essence\\EventEssence_ToTrainee\\node_modules\\jest-circus\\build\\run.js:155:3)\n    at _runTestsForDescribeBlock (C:\\Users\\anjali.s08\\Desktop\\ReactWS\\REACT-with-Typescript\\EventEssence\\Event Essence\\EventEssence_ToTrainee\\node_modules\\jest-circus\\build\\run.js:66:9)\n    at _runTestsForDescribeBlock (C:\\Users\\anjali.s08\\Desktop\\ReactWS\\REACT-with-Typescript\\EventEssence\\Event Essence\\EventEssence_ToTrainee\\node_modules\\jest-circus\\build\\run.js:60:9)\n    at run (C:\\Users\\anjali.s08\\Desktop\\ReactWS\\REACT-with-Typescript\\EventEssence\\Event Essence\\EventEssence_ToTrainee\\node_modules\\jest-circus\\build\\run.js:25:3)\n    at runAndTransformResultsToJestFormat (C:\\Users\\anjali.s08\\Desktop\\ReactWS\\REACT-with-Typescript\\EventEssence\\Event Essence\\EventEssence_ToTrainee\\node_modules\\jest-circus\\build\\legacy-code-todo-rewrite\\jestAdapterInit.js:170:21)\n    at jestAdapter (C:\\Users\\anjali.s08\\Desktop\\ReactWS\\REACT-with-Typescript\\EventEssence\\Event Essence\\EventEssence_ToTrainee\\node_modules\\jest-circus\\build\\legacy-code-todo-rewrite\\jestAdapter.js:82:19)\n    at runTestInternal (C:\\Users\\anjali.s08\\Desktop\\ReactWS\\REACT-with-Typescript\\EventEssence\\Event Essence\\EventEssence_ToTrainee\\node_modules\\jest-runner\\build\\runTest.js:389:16)\n    at runTest (C:\\Users\\anjali.s08\\Desktop\\ReactWS\\REACT-with-Typescript\\EventEssence\\Event Essence\\EventEssence_ToTrainee\\node_modules\\jest-runner\\build\\runTest.js:475:34)\n    at TestRunner.runTests (C:\\Users\\anjali.s08\\Desktop\\ReactWS\\REACT-with-Typescript\\EventEssence\\Event Essence\\EventEssence_ToTrainee\\node_modules\\jest-runner\\build\\index.js:101:12)\n    at TestScheduler.scheduleTests (C:\\Users\\anjali.s08\\Desktop\\ReactWS\\REACT-with-Typescript\\EventEssence\\Event Essence\\EventEssence_ToTrainee\\node_modules\\@jest\\core\\build\\TestScheduler.js:333:13)\n    at runJest (C:\\Users\\anjali.s08\\Desktop\\ReactWS\\REACT-with-Typescript\\EventEssence\\Event Essence\\EventEssence_ToTrainee\\node_modules\\@jest\\core\\build\\runJest.js:404:19)\n    at _run10000 (C:\\Users\\anjali.s08\\Desktop\\ReactWS\\REACT-with-Typescript\\EventEssence\\Event Essence\\EventEssence_ToTrainee\\node_modules\\@jest\\core\\build\\cli\\index.js:320:7)\n    at runCLI (C:\\Users\\anjali.s08\\Desktop\\ReactWS\\REACT-with-Typescript\\EventEssence\\Event Essence\\EventEssence_ToTrainee\\node_modules\\@jest\\core\\build\\cli\\index.js:173:3)\n    at Object.run (C:\\Users\\anjali.s08\\Desktop\\ReactWS\\REACT-with-Typescript\\EventEssence\\Event Essence\\EventEssence_ToTrainee\\node_modules\\jest-cli\\build\\cli\\index.js:155:37)"],"fullName":"Structural | Render | EventBooking Component Verifying the type of hostName field type","location":null,"status":"failed","title":"Verifying the type of hostName field type"},{"ancestorTitles":["Structural | Render | EventBooking Component"],"failureMessages":["TestingLibraryElementError: Unable to find an element by: [data-testid=\"contactNumber\"]\n\nIgnored nodes: comments, script, style\n\u001b[36m<body>\u001b[39m\n  \u001b[36m<div>\u001b[39m\n    \u001b[36m<div\u001b[39m\n      \u001b[33mclass\u001b[39m=\u001b[32m\"container\"\u001b[39m\n    \u001b[36m>\u001b[39m\n      \u001b[36m<div\u001b[39m\n        \u001b[33mclass\u001b[39m=\u001b[32m\"row\"\u001b[39m\n      \u001b[36m>\u001b[39m\n        \u001b[36m<br />\u001b[39m\n        \u001b[36m<div\u001b[39m\n          \u001b[33mclass\u001b[39m=\u001b[32m\"offset-md-1 col-md-4\"\u001b[39m\n        \u001b[36m>\u001b[39m\n          \u001b[36m<br />\u001b[39m\n          \u001b[36m<div>\u001b[39m\n            \u001b[36m<div\u001b[39m\n              \u001b[33mclass\u001b[39m=\u001b[32m\"head\"\u001b[39m\n            \u001b[36m>\u001b[39m\n              \u001b[36m<h3>\u001b[39m\n                \u001b[36m<b>\u001b[39m\n                  \u001b[0mReserve your Event Date\u001b[0m\n                \u001b[36m</b>\u001b[39m\n              \u001b[36m</h3>\u001b[39m\n            \u001b[36m</div>\u001b[39m\n            \u001b[36m<div>\u001b[39m\n              \u001b[36m<form\u001b[39m\n                \u001b[33mclass\u001b[39m=\u001b[32m\"form\"\u001b[39m\n              \u001b[36m/>\u001b[39m\n            \u001b[36m</div>\u001b[39m\n          \u001b[36m</div>\u001b[39m\n        \u001b[36m</div>\u001b[39m\n      \u001b[36m</div>\u001b[39m\n    \u001b[36m</div>\u001b[39m\n  \u001b[36m</div>\u001b[39m\n\u001b[36m</body>\u001b[39m\n    at Object.getElementError (C:\\Users\\anjali.s08\\Desktop\\ReactWS\\REACT-with-Typescript\\EventEssence\\Event Essence\\EventEssence_ToTrainee\\node_modules\\@testing-library\\react\\node_modules\\@testing-library\\dom\\dist\\config.js:37:19)\n    at C:\\Users\\anjali.s08\\Desktop\\ReactWS\\REACT-with-Typescript\\EventEssence\\Event Essence\\EventEssence_ToTrainee\\node_modules\\@testing-library\\react\\node_modules\\@testing-library\\dom\\dist\\query-helpers.js:76:38\n    at C:\\Users\\anjali.s08\\Desktop\\ReactWS\\REACT-with-Typescript\\EventEssence\\Event Essence\\EventEssence_ToTrainee\\node_modules\\@testing-library\\react\\node_modules\\@testing-library\\dom\\dist\\query-helpers.js:52:17\n    at getByTestId (C:\\Users\\anjali.s08\\Desktop\\ReactWS\\REACT-with-Typescript\\EventEssence\\Event Essence\\EventEssence_ToTrainee\\node_modules\\@testing-library\\react\\node_modules\\@testing-library\\dom\\dist\\query-helpers.js:95:19)\n    at Object.<anonymous> (C:\\Users\\anjali.s08\\Desktop\\ReactWS\\REACT-with-Typescript\\EventEssence\\Event Essence\\EventEssence_ToTrainee\\src\\App.test.tsx:19:41)\n    at Promise.then.completed (C:\\Users\\anjali.s08\\Desktop\\ReactWS\\REACT-with-Typescript\\EventEssence\\Event Essence\\EventEssence_ToTrainee\\node_modules\\jest-circus\\build\\utils.js:391:28)\n    at new Promise (<anonymous>)\n    at callAsyncCircusFn (C:\\Users\\anjali.s08\\Desktop\\ReactWS\\REACT-with-Typescript\\EventEssence\\Event Essence\\EventEssence_ToTrainee\\node_modules\\jest-circus\\build\\utils.js:316:10)\n    at _callCircusTest (C:\\Users\\anjali.s08\\Desktop\\ReactWS\\REACT-with-Typescript\\EventEssence\\Event Essence\\EventEssence_ToTrainee\\node_modules\\jest-circus\\build\\run.js:218:40)\n    at processTicksAndRejections (node:internal/process/task_queues:95:5)\n    at _runTest (C:\\Users\\anjali.s08\\Desktop\\ReactWS\\REACT-with-Typescript\\EventEssence\\Event Essence\\EventEssence_ToTrainee\\node_modules\\jest-circus\\build\\run.js:155:3)\n    at _runTestsForDescribeBlock (C:\\Users\\anjali.s08\\Desktop\\ReactWS\\REACT-with-Typescript\\EventEssence\\Event Essence\\EventEssence_ToTrainee\\node_modules\\jest-circus\\build\\run.js:66:9)\n    at _runTestsForDescribeBlock (C:\\Users\\anjali.s08\\Desktop\\ReactWS\\REACT-with-Typescript\\EventEssence\\Event Essence\\EventEssence_ToTrainee\\node_modules\\jest-circus\\build\\run.js:60:9)\n    at run (C:\\Users\\anjali.s08\\Desktop\\ReactWS\\REACT-with-Typescript\\EventEssence\\Event Essence\\EventEssence_ToTrainee\\node_modules\\jest-circus\\build\\run.js:25:3)\n    at runAndTransformResultsToJestFormat (C:\\Users\\anjali.s08\\Desktop\\ReactWS\\REACT-with-Typescript\\EventEssence\\Event Essence\\EventEssence_ToTrainee\\node_modules\\jest-circus\\build\\legacy-code-todo-rewrite\\jestAdapterInit.js:170:21)\n    at jestAdapter (C:\\Users\\anjali.s08\\Desktop\\ReactWS\\REACT-with-Typescript\\EventEssence\\Event Essence\\EventEssence_ToTrainee\\node_modules\\jest-circus\\build\\legacy-code-todo-rewrite\\jestAdapter.js:82:19)\n    at runTestInternal (C:\\Users\\anjali.s08\\Desktop\\ReactWS\\REACT-with-Typescript\\EventEssence\\Event Essence\\EventEssence_ToTrainee\\node_modules\\jest-runner\\build\\runTest.js:389:16)\n    at runTest (C:\\Users\\anjali.s08\\Desktop\\ReactWS\\REACT-with-Typescript\\EventEssence\\Event Essence\\EventEssence_ToTrainee\\node_modules\\jest-runner\\build\\runTest.js:475:34)\n    at TestRunner.runTests (C:\\Users\\anjali.s08\\Desktop\\ReactWS\\REACT-with-Typescript\\EventEssence\\Event Essence\\EventEssence_ToTrainee\\node_modules\\jest-runner\\build\\index.js:101:12)\n    at TestScheduler.scheduleTests (C:\\Users\\anjali.s08\\Desktop\\ReactWS\\REACT-with-Typescript\\EventEssence\\Event Essence\\EventEssence_ToTrainee\\node_modules\\@jest\\core\\build\\TestScheduler.js:333:13)\n    at runJest (C:\\Users\\anjali.s08\\Desktop\\ReactWS\\REACT-with-Typescript\\EventEssence\\Event Essence\\EventEssence_ToTrainee\\node_modules\\@jest\\core\\build\\runJest.js:404:19)\n    at _run10000 (C:\\Users\\anjali.s08\\Desktop\\ReactWS\\REACT-with-Typescript\\EventEssence\\Event Essence\\EventEssence_ToTrainee\\node_modules\\@jest\\core\\build\\cli\\index.js:320:7)\n    at runCLI (C:\\Users\\anjali.s08\\Desktop\\ReactWS\\REACT-with-Typescript\\EventEssence\\Event Essence\\EventEssence_ToTrainee\\node_modules\\@jest\\core\\build\\cli\\index.js:173:3)\n    at Object.run (C:\\Users\\anjali.s08\\Desktop\\ReactWS\\REACT-with-Typescript\\EventEssence\\Event Essence\\EventEssence_ToTrainee\\node_modules\\jest-cli\\build\\cli\\index.js:155:37)"],"fullName":"Structural | Render | EventBooking Component Verifying the type of contactNumber field type","location":null,"status":"failed","title":"Verifying the type of contactNumber field type"},{"ancestorTitles":["Structural | Render | EventBooking Component"],"failureMessages":["TestingLibraryElementError: Unable to find an element by: [data-testid=\"numberOfAttendees\"]\n\nIgnored nodes: comments, script, style\n\u001b[36m<body>\u001b[39m\n  \u001b[36m<div>\u001b[39m\n    \u001b[36m<div\u001b[39m\n      \u001b[33mclass\u001b[39m=\u001b[32m\"container\"\u001b[39m\n    \u001b[36m>\u001b[39m\n      \u001b[36m<div\u001b[39m\n        \u001b[33mclass\u001b[39m=\u001b[32m\"row\"\u001b[39m\n      \u001b[36m>\u001b[39m\n        \u001b[36m<br />\u001b[39m\n        \u001b[36m<div\u001b[39m\n          \u001b[33mclass\u001b[39m=\u001b[32m\"offset-md-1 col-md-4\"\u001b[39m\n        \u001b[36m>\u001b[39m\n          \u001b[36m<br />\u001b[39m\n          \u001b[36m<div>\u001b[39m\n            \u001b[36m<div\u001b[39m\n              \u001b[33mclass\u001b[39m=\u001b[32m\"head\"\u001b[39m\n            \u001b[36m>\u001b[39m\n              \u001b[36m<h3>\u001b[39m\n                \u001b[36m<b>\u001b[39m\n                  \u001b[0mReserve your Event Date\u001b[0m\n                \u001b[36m</b>\u001b[39m\n              \u001b[36m</h3>\u001b[39m\n            \u001b[36m</div>\u001b[39m\n            \u001b[36m<div>\u001b[39m\n              \u001b[36m<form\u001b[39m\n                \u001b[33mclass\u001b[39m=\u001b[32m\"form\"\u001b[39m\n              \u001b[36m/>\u001b[39m\n            \u001b[36m</div>\u001b[39m\n          \u001b[36m</div>\u001b[39m\n        \u001b[36m</div>\u001b[39m\n      \u001b[36m</div>\u001b[39m\n    \u001b[36m</div>\u001b[39m\n  \u001b[36m</div>\u001b[39m\n\u001b[36m</body>\u001b[39m\n    at Object.getElementError (C:\\Users\\anjali.s08\\Desktop\\ReactWS\\REACT-with-Typescript\\EventEssence\\Event Essence\\EventEssence_ToTrainee\\node_modules\\@testing-library\\react\\node_modules\\@testing-library\\dom\\dist\\config.js:37:19)\n    at C:\\Users\\anjali.s08\\Desktop\\ReactWS\\REACT-with-Typescript\\EventEssence\\Event Essence\\EventEssence_ToTrainee\\node_modules\\@testing-library\\react\\node_modules\\@testing-library\\dom\\dist\\query-helpers.js:76:38\n    at C:\\Users\\anjali.s08\\Desktop\\ReactWS\\REACT-with-Typescript\\EventEssence\\Event Essence\\EventEssence_ToTrainee\\node_modules\\@testing-library\\react\\node_modules\\@testing-library\\dom\\dist\\query-helpers.js:52:17\n    at getByTestId (C:\\Users\\anjali.s08\\Desktop\\ReactWS\\REACT-with-Typescript\\EventEssence\\Event Essence\\EventEssence_ToTrainee\\node_modules\\@testing-library\\react\\node_modules\\@testing-library\\dom\\dist\\query-helpers.js:95:19)\n    at Object.<anonymous> (C:\\Users\\anjali.s08\\Desktop\\ReactWS\\REACT-with-Typescript\\EventEssence\\Event Essence\\EventEssence_ToTrainee\\src\\App.test.tsx:25:45)\n    at Promise.then.completed (C:\\Users\\anjali.s08\\Desktop\\ReactWS\\REACT-with-Typescript\\EventEssence\\Event Essence\\EventEssence_ToTrainee\\node_modules\\jest-circus\\build\\utils.js:391:28)\n    at new Promise (<anonymous>)\n    at callAsyncCircusFn (C:\\Users\\anjali.s08\\Desktop\\ReactWS\\REACT-with-Typescript\\EventEssence\\Event Essence\\EventEssence_ToTrainee\\node_modules\\jest-circus\\build\\utils.js:316:10)\n    at _callCircusTest (C:\\Users\\anjali.s08\\Desktop\\ReactWS\\REACT-with-Typescript\\EventEssence\\Event Essence\\EventEssence_ToTrainee\\node_modules\\jest-circus\\build\\run.js:218:40)\n    at processTicksAndRejections (node:internal/process/task_queues:95:5)\n    at _runTest (C:\\Users\\anjali.s08\\Desktop\\ReactWS\\REACT-with-Typescript\\EventEssence\\Event Essence\\EventEssence_ToTrainee\\node_modules\\jest-circus\\build\\run.js:155:3)\n    at _runTestsForDescribeBlock (C:\\Users\\anjali.s08\\Desktop\\ReactWS\\REACT-with-Typescript\\EventEssence\\Event Essence\\EventEssence_ToTrainee\\node_modules\\jest-circus\\build\\run.js:66:9)\n    at _runTestsForDescribeBlock (C:\\Users\\anjali.s08\\Desktop\\ReactWS\\REACT-with-Typescript\\EventEssence\\Event Essence\\EventEssence_ToTrainee\\node_modules\\jest-circus\\build\\run.js:60:9)\n    at run (C:\\Users\\anjali.s08\\Desktop\\ReactWS\\REACT-with-Typescript\\EventEssence\\Event Essence\\EventEssence_ToTrainee\\node_modules\\jest-circus\\build\\run.js:25:3)\n    at runAndTransformResultsToJestFormat (C:\\Users\\anjali.s08\\Desktop\\ReactWS\\REACT-with-Typescript\\EventEssence\\Event Essence\\EventEssence_ToTrainee\\node_modules\\jest-circus\\build\\legacy-code-todo-rewrite\\jestAdapterInit.js:170:21)\n    at jestAdapter (C:\\Users\\anjali.s08\\Desktop\\ReactWS\\REACT-with-Typescript\\EventEssence\\Event Essence\\EventEssence_ToTrainee\\node_modules\\jest-circus\\build\\legacy-code-todo-rewrite\\jestAdapter.js:82:19)\n    at runTestInternal (C:\\Users\\anjali.s08\\Desktop\\ReactWS\\REACT-with-Typescript\\EventEssence\\Event Essence\\EventEssence_ToTrainee\\node_modules\\jest-runner\\build\\runTest.js:389:16)\n    at runTest (C:\\Users\\anjali.s08\\Desktop\\ReactWS\\REACT-with-Typescript\\EventEssence\\Event Essence\\EventEssence_ToTrainee\\node_modules\\jest-runner\\build\\runTest.js:475:34)\n    at TestRunner.runTests (C:\\Users\\anjali.s08\\Desktop\\ReactWS\\REACT-with-Typescript\\EventEssence\\Event Essence\\EventEssence_ToTrainee\\node_modules\\jest-runner\\build\\index.js:101:12)\n    at TestScheduler.scheduleTests (C:\\Users\\anjali.s08\\Desktop\\ReactWS\\REACT-with-Typescript\\EventEssence\\Event Essence\\EventEssence_ToTrainee\\node_modules\\@jest\\core\\build\\TestScheduler.js:333:13)\n    at runJest (C:\\Users\\anjali.s08\\Desktop\\ReactWS\\REACT-with-Typescript\\EventEssence\\Event Essence\\EventEssence_ToTrainee\\node_modules\\@jest\\core\\build\\runJest.js:404:19)\n    at _run10000 (C:\\Users\\anjali.s08\\Desktop\\ReactWS\\REACT-with-Typescript\\EventEssence\\Event Essence\\EventEssence_ToTrainee\\node_modules\\@jest\\core\\build\\cli\\index.js:320:7)\n    at runCLI (C:\\Users\\anjali.s08\\Desktop\\ReactWS\\REACT-with-Typescript\\EventEssence\\Event Essence\\EventEssence_ToTrainee\\node_modules\\@jest\\core\\build\\cli\\index.js:173:3)\n    at Object.run (C:\\Users\\anjali.s08\\Desktop\\ReactWS\\REACT-with-Typescript\\EventEssence\\Event Essence\\EventEssence_ToTrainee\\node_modules\\jest-cli\\build\\cli\\index.js:155:37)"],"fullName":"Structural | Render | EventBooking Component Verifying the type of numberOfAttendees field type","location":null,"status":"failed","title":"Verifying the type of numberOfAttendees field type"},{"ancestorTitles":["Structural | Render | EventBooking Component"],"failureMessages":["TestingLibraryElementError: Unable to find an element by: [data-testid=\"eventDate\"]\n\nIgnored nodes: comments, script, style\n\u001b[36m<body>\u001b[39m\n  \u001b[36m<div>\u001b[39m\n    \u001b[36m<div\u001b[39m\n      \u001b[33mclass\u001b[39m=\u001b[32m\"container\"\u001b[39m\n    \u001b[36m>\u001b[39m\n      \u001b[36m<div\u001b[39m\n        \u001b[33mclass\u001b[39m=\u001b[32m\"row\"\u001b[39m\n      \u001b[36m>\u001b[39m\n        \u001b[36m<br />\u001b[39m\n        \u001b[36m<div\u001b[39m\n          \u001b[33mclass\u001b[39m=\u001b[32m\"offset-md-1 col-md-4\"\u001b[39m\n        \u001b[36m>\u001b[39m\n          \u001b[36m<br />\u001b[39m\n          \u001b[36m<div>\u001b[39m\n            \u001b[36m<div\u001b[39m\n              \u001b[33mclass\u001b[39m=\u001b[32m\"head\"\u001b[39m\n            \u001b[36m>\u001b[39m\n              \u001b[36m<h3>\u001b[39m\n                \u001b[36m<b>\u001b[39m\n                  \u001b[0mReserve your Event Date\u001b[0m\n                \u001b[36m</b>\u001b[39m\n              \u001b[36m</h3>\u001b[39m\n            \u001b[36m</div>\u001b[39m\n            \u001b[36m<div>\u001b[39m\n              \u001b[36m<form\u001b[39m\n                \u001b[33mclass\u001b[39m=\u001b[32m\"form\"\u001b[39m\n              \u001b[36m/>\u001b[39m\n            \u001b[36m</div>\u001b[39m\n          \u001b[36m</div>\u001b[39m\n        \u001b[36m</div>\u001b[39m\n      \u001b[36m</div>\u001b[39m\n    \u001b[36m</div>\u001b[39m\n  \u001b[36m</div>\u001b[39m\n\u001b[36m</body>\u001b[39m\n    at Object.getElementError (C:\\Users\\anjali.s08\\Desktop\\ReactWS\\REACT-with-Typescript\\EventEssence\\Event Essence\\EventEssence_ToTrainee\\node_modules\\@testing-library\\react\\node_modules\\@testing-library\\dom\\dist\\config.js:37:19)\n    at C:\\Users\\anjali.s08\\Desktop\\ReactWS\\REACT-with-Typescript\\EventEssence\\Event Essence\\EventEssence_ToTrainee\\node_modules\\@testing-library\\react\\node_modules\\@testing-library\\dom\\dist\\query-helpers.js:76:38\n    at C:\\Users\\anjali.s08\\Desktop\\ReactWS\\REACT-with-Typescript\\EventEssence\\Event Essence\\EventEssence_ToTrainee\\node_modules\\@testing-library\\react\\node_modules\\@testing-library\\dom\\dist\\query-helpers.js:52:17\n    at getByTestId (C:\\Users\\anjali.s08\\Desktop\\ReactWS\\REACT-with-Typescript\\EventEssence\\Event Essence\\EventEssence_ToTrainee\\node_modules\\@testing-library\\react\\node_modules\\@testing-library\\dom\\dist\\query-helpers.js:95:19)\n    at Object.<anonymous> (C:\\Users\\anjali.s08\\Desktop\\ReactWS\\REACT-with-Typescript\\EventEssence\\Event Essence\\EventEssence_ToTrainee\\src\\App.test.tsx:31:37)\n    at Promise.then.completed (C:\\Users\\anjali.s08\\Desktop\\ReactWS\\REACT-with-Typescript\\EventEssence\\Event Essence\\EventEssence_ToTrainee\\node_modules\\jest-circus\\build\\utils.js:391:28)\n    at new Promise (<anonymous>)\n    at callAsyncCircusFn (C:\\Users\\anjali.s08\\Desktop\\ReactWS\\REACT-with-Typescript\\EventEssence\\Event Essence\\EventEssence_ToTrainee\\node_modules\\jest-circus\\build\\utils.js:316:10)\n    at _callCircusTest (C:\\Users\\anjali.s08\\Desktop\\ReactWS\\REACT-with-Typescript\\EventEssence\\Event Essence\\EventEssence_ToTrainee\\node_modules\\jest-circus\\build\\run.js:218:40)\n    at processTicksAndRejections (node:internal/process/task_queues:95:5)\n    at _runTest (C:\\Users\\anjali.s08\\Desktop\\ReactWS\\REACT-with-Typescript\\EventEssence\\Event Essence\\EventEssence_ToTrainee\\node_modules\\jest-circus\\build\\run.js:155:3)\n    at _runTestsForDescribeBlock (C:\\Users\\anjali.s08\\Desktop\\ReactWS\\REACT-with-Typescript\\EventEssence\\Event Essence\\EventEssence_ToTrainee\\node_modules\\jest-circus\\build\\run.js:66:9)\n    at _runTestsForDescribeBlock (C:\\Users\\anjali.s08\\Desktop\\ReactWS\\REACT-with-Typescript\\EventEssence\\Event Essence\\EventEssence_ToTrainee\\node_modules\\jest-circus\\build\\run.js:60:9)\n    at run (C:\\Users\\anjali.s08\\Desktop\\ReactWS\\REACT-with-Typescript\\EventEssence\\Event Essence\\EventEssence_ToTrainee\\node_modules\\jest-circus\\build\\run.js:25:3)\n    at runAndTransformResultsToJestFormat (C:\\Users\\anjali.s08\\Desktop\\ReactWS\\REACT-with-Typescript\\EventEssence\\Event Essence\\EventEssence_ToTrainee\\node_modules\\jest-circus\\build\\legacy-code-todo-rewrite\\jestAdapterInit.js:170:21)\n    at jestAdapter (C:\\Users\\anjali.s08\\Desktop\\ReactWS\\REACT-with-Typescript\\EventEssence\\Event Essence\\EventEssence_ToTrainee\\node_modules\\jest-circus\\build\\legacy-code-todo-rewrite\\jestAdapter.js:82:19)\n    at runTestInternal (C:\\Users\\anjali.s08\\Desktop\\ReactWS\\REACT-with-Typescript\\EventEssence\\Event Essence\\EventEssence_ToTrainee\\node_modules\\jest-runner\\build\\runTest.js:389:16)\n    at runTest (C:\\Users\\anjali.s08\\Desktop\\ReactWS\\REACT-with-Typescript\\EventEssence\\Event Essence\\EventEssence_ToTrainee\\node_modules\\jest-runner\\build\\runTest.js:475:34)\n    at TestRunner.runTests (C:\\Users\\anjali.s08\\Desktop\\ReactWS\\REACT-with-Typescript\\EventEssence\\Event Essence\\EventEssence_ToTrainee\\node_modules\\jest-runner\\build\\index.js:101:12)\n    at TestScheduler.scheduleTests (C:\\Users\\anjali.s08\\Desktop\\ReactWS\\REACT-with-Typescript\\EventEssence\\Event Essence\\EventEssence_ToTrainee\\node_modules\\@jest\\core\\build\\TestScheduler.js:333:13)\n    at runJest (C:\\Users\\anjali.s08\\Desktop\\ReactWS\\REACT-with-Typescript\\EventEssence\\Event Essence\\EventEssence_ToTrainee\\node_modules\\@jest\\core\\build\\runJest.js:404:19)\n    at _run10000 (C:\\Users\\anjali.s08\\Desktop\\ReactWS\\REACT-with-Typescript\\EventEssence\\Event Essence\\EventEssence_ToTrainee\\node_modules\\@jest\\core\\build\\cli\\index.js:320:7)\n    at runCLI (C:\\Users\\anjali.s08\\Desktop\\ReactWS\\REACT-with-Typescript\\EventEssence\\Event Essence\\EventEssence_ToTrainee\\node_modules\\@jest\\core\\build\\cli\\index.js:173:3)\n    at Object.run (C:\\Users\\anjali.s08\\Desktop\\ReactWS\\REACT-with-Typescript\\EventEssence\\Event Essence\\EventEssence_ToTrainee\\node_modules\\jest-cli\\build\\cli\\index.js:155:37)"],"fullName":"Structural | Render | EventBooking Component Verifying the type of eventDate field type","location":null,"status":"failed","title":"Verifying the type of eventDate field type"},{"ancestorTitles":["Structural | Render | EventBooking Component"],"failureMessages":["Error: \u001b[2mexpect(\u001b[22m\u001b[31mreceived\u001b[39m\u001b[2m).toBeInTheDocument()\u001b[22m\n\n\u001b[31mreceived\u001b[39m value must be an HTMLElement or an SVGElement.\nReceived has value: \u001b[31mundefined\u001b[39m\n    at __EXTERNAL_MATCHER_TRAP__ (C:\\Users\\anjali.s08\\Desktop\\ReactWS\\REACT-with-Typescript\\EventEssence\\Event Essence\\EventEssence_ToTrainee\\node_modules\\expect\\build\\index.js:386:30)\n    at Object.toBeInTheDocument (C:\\Users\\anjali.s08\\Desktop\\ReactWS\\REACT-with-Typescript\\EventEssence\\Event Essence\\EventEssence_ToTrainee\\node_modules\\expect\\build\\index.js:387:15)\n    at Object.<anonymous> (C:\\Users\\anjali.s08\\Desktop\\ReactWS\\REACT-with-Typescript\\EventEssence\\Event Essence\\EventEssence_ToTrainee\\src\\App.test.tsx:40:26)\n    at Promise.then.completed (C:\\Users\\anjali.s08\\Desktop\\ReactWS\\REACT-with-Typescript\\EventEssence\\Event Essence\\EventEssence_ToTrainee\\node_modules\\jest-circus\\build\\utils.js:391:28)\n    at new Promise (<anonymous>)\n    at callAsyncCircusFn (C:\\Users\\anjali.s08\\Desktop\\ReactWS\\REACT-with-Typescript\\EventEssence\\Event Essence\\EventEssence_ToTrainee\\node_modules\\jest-circus\\build\\utils.js:316:10)\n    at _callCircusTest (C:\\Users\\anjali.s08\\Desktop\\ReactWS\\REACT-with-Typescript\\EventEssence\\Event Essence\\EventEssence_ToTrainee\\node_modules\\jest-circus\\build\\run.js:218:40)\n    at processTicksAndRejections (node:internal/process/task_queues:95:5)\n    at _runTest (C:\\Users\\anjali.s08\\Desktop\\ReactWS\\REACT-with-Typescript\\EventEssence\\Event Essence\\EventEssence_ToTrainee\\node_modules\\jest-circus\\build\\run.js:155:3)\n    at _runTestsForDescribeBlock (C:\\Users\\anjali.s08\\Desktop\\ReactWS\\REACT-with-Typescript\\EventEssence\\Event Essence\\EventEssence_ToTrainee\\node_modules\\jest-circus\\build\\run.js:66:9)\n    at _runTestsForDescribeBlock (C:\\Users\\anjali.s08\\Desktop\\ReactWS\\REACT-with-Typescript\\EventEssence\\Event Essence\\EventEssence_ToTrainee\\node_modules\\jest-circus\\build\\run.js:60:9)\n    at run (C:\\Users\\anjali.s08\\Desktop\\ReactWS\\REACT-with-Typescript\\EventEssence\\Event Essence\\EventEssence_ToTrainee\\node_modules\\jest-circus\\build\\run.js:25:3)\n    at runAndTransformResultsToJestFormat (C:\\Users\\anjali.s08\\Desktop\\ReactWS\\REACT-with-Typescript\\EventEssence\\Event Essence\\EventEssence_ToTrainee\\node_modules\\jest-circus\\build\\legacy-code-todo-rewrite\\jestAdapterInit.js:170:21)\n    at jestAdapter (C:\\Users\\anjali.s08\\Desktop\\ReactWS\\REACT-with-Typescript\\EventEssence\\Event Essence\\EventEssence_ToTrainee\\node_modules\\jest-circus\\build\\legacy-code-todo-rewrite\\jestAdapter.js:82:19)\n    at runTestInternal (C:\\Users\\anjali.s08\\Desktop\\ReactWS\\REACT-with-Typescript\\EventEssence\\Event Essence\\EventEssence_ToTrainee\\node_modules\\jest-runner\\build\\runTest.js:389:16)\n    at runTest (C:\\Users\\anjali.s08\\Desktop\\ReactWS\\REACT-with-Typescript\\EventEssence\\Event Essence\\EventEssence_ToTrainee\\node_modules\\jest-runner\\build\\runTest.js:475:34)\n    at TestRunner.runTests (C:\\Users\\anjali.s08\\Desktop\\ReactWS\\REACT-with-Typescript\\EventEssence\\Event Essence\\EventEssence_ToTrainee\\node_modules\\jest-runner\\build\\index.js:101:12)\n    at TestScheduler.scheduleTests (C:\\Users\\anjali.s08\\Desktop\\ReactWS\\REACT-with-Typescript\\EventEssence\\Event Essence\\EventEssence_ToTrainee\\node_modules\\@jest\\core\\build\\TestScheduler.js:333:13)\n    at runJest (C:\\Users\\anjali.s08\\Desktop\\ReactWS\\REACT-with-Typescript\\EventEssence\\Event Essence\\EventEssence_ToTrainee\\node_modules\\@jest\\core\\build\\runJest.js:404:19)\n    at _run10000 (C:\\Users\\anjali.s08\\Desktop\\ReactWS\\REACT-with-Typescript\\EventEssence\\Event Essence\\EventEssence_ToTrainee\\node_modules\\@jest\\core\\build\\cli\\index.js:320:7)\n    at runCLI (C:\\Users\\anjali.s08\\Desktop\\ReactWS\\REACT-with-Typescript\\EventEssence\\Event Essence\\EventEssence_ToTrainee\\node_modules\\@jest\\core\\build\\cli\\index.js:173:3)\n    at Object.run (C:\\Users\\anjali.s08\\Desktop\\ReactWS\\REACT-with-Typescript\\EventEssence\\Event Essence\\EventEssence_ToTrainee\\node_modules\\jest-cli\\build\\cli\\index.js:155:37)"],"fullName":"Structural | Render | EventBooking Component Verifying the type of first radio field type","location":null,"status":"failed","title":"Verifying the type of first radio field type"},{"ancestorTitles":["Structural | Render | EventBooking Component"],"failureMessages":["Error: \u001b[2mexpect(\u001b[22m\u001b[31mreceived\u001b[39m\u001b[2m).toBeInTheDocument()\u001b[22m\n\n\u001b[31mreceived\u001b[39m value must be an HTMLElement or an SVGElement.\nReceived has value: \u001b[31mundefined\u001b[39m\n    at __EXTERNAL_MATCHER_TRAP__ (C:\\Users\\anjali.s08\\Desktop\\ReactWS\\REACT-with-Typescript\\EventEssence\\Event Essence\\EventEssence_ToTrainee\\node_modules\\expect\\build\\index.js:386:30)\n    at Object.toBeInTheDocument (C:\\Users\\anjali.s08\\Desktop\\ReactWS\\REACT-with-Typescript\\EventEssence\\Event Essence\\EventEssence_ToTrainee\\node_modules\\expect\\build\\index.js:387:15)\n    at Object.<anonymous> (C:\\Users\\anjali.s08\\Desktop\\ReactWS\\REACT-with-Typescript\\EventEssence\\Event Essence\\EventEssence_ToTrainee\\src\\App.test.tsx:49:26)\n    at Promise.then.completed (C:\\Users\\anjali.s08\\Desktop\\ReactWS\\REACT-with-Typescript\\EventEssence\\Event Essence\\EventEssence_ToTrainee\\node_modules\\jest-circus\\build\\utils.js:391:28)\n    at new Promise (<anonymous>)\n    at callAsyncCircusFn (C:\\Users\\anjali.s08\\Desktop\\ReactWS\\REACT-with-Typescript\\EventEssence\\Event Essence\\EventEssence_ToTrainee\\node_modules\\jest-circus\\build\\utils.js:316:10)\n    at _callCircusTest (C:\\Users\\anjali.s08\\Desktop\\ReactWS\\REACT-with-Typescript\\EventEssence\\Event Essence\\EventEssence_ToTrainee\\node_modules\\jest-circus\\build\\run.js:218:40)\n    at processTicksAndRejections (node:internal/process/task_queues:95:5)\n    at _runTest (C:\\Users\\anjali.s08\\Desktop\\ReactWS\\REACT-with-Typescript\\EventEssence\\Event Essence\\EventEssence_ToTrainee\\node_modules\\jest-circus\\build\\run.js:155:3)\n    at _runTestsForDescribeBlock (C:\\Users\\anjali.s08\\Desktop\\ReactWS\\REACT-with-Typescript\\EventEssence\\Event Essence\\EventEssence_ToTrainee\\node_modules\\jest-circus\\build\\run.js:66:9)\n    at _runTestsForDescribeBlock (C:\\Users\\anjali.s08\\Desktop\\ReactWS\\REACT-with-Typescript\\EventEssence\\Event Essence\\EventEssence_ToTrainee\\node_modules\\jest-circus\\build\\run.js:60:9)\n    at run (C:\\Users\\anjali.s08\\Desktop\\ReactWS\\REACT-with-Typescript\\EventEssence\\Event Essence\\EventEssence_ToTrainee\\node_modules\\jest-circus\\build\\run.js:25:3)\n    at runAndTransformResultsToJestFormat (C:\\Users\\anjali.s08\\Desktop\\ReactWS\\REACT-with-Typescript\\EventEssence\\Event Essence\\EventEssence_ToTrainee\\node_modules\\jest-circus\\build\\legacy-code-todo-rewrite\\jestAdapterInit.js:170:21)\n    at jestAdapter (C:\\Users\\anjali.s08\\Desktop\\ReactWS\\REACT-with-Typescript\\EventEssence\\Event Essence\\EventEssence_ToTrainee\\node_modules\\jest-circus\\build\\legacy-code-todo-rewrite\\jestAdapter.js:82:19)\n    at runTestInternal (C:\\Users\\anjali.s08\\Desktop\\ReactWS\\REACT-with-Typescript\\EventEssence\\Event Essence\\EventEssence_ToTrainee\\node_modules\\jest-runner\\build\\runTest.js:389:16)\n    at runTest (C:\\Users\\anjali.s08\\Desktop\\ReactWS\\REACT-with-Typescript\\EventEssence\\Event Essence\\EventEssence_ToTrainee\\node_modules\\jest-runner\\build\\runTest.js:475:34)\n    at TestRunner.runTests (C:\\Users\\anjali.s08\\Desktop\\ReactWS\\REACT-with-Typescript\\EventEssence\\Event Essence\\EventEssence_ToTrainee\\node_modules\\jest-runner\\build\\index.js:101:12)\n    at TestScheduler.scheduleTests (C:\\Users\\anjali.s08\\Desktop\\ReactWS\\REACT-with-Typescript\\EventEssence\\Event Essence\\EventEssence_ToTrainee\\node_modules\\@jest\\core\\build\\TestScheduler.js:333:13)\n    at runJest (C:\\Users\\anjali.s08\\Desktop\\ReactWS\\REACT-with-Typescript\\EventEssence\\Event Essence\\EventEssence_ToTrainee\\node_modules\\@jest\\core\\build\\runJest.js:404:19)\n    at _run10000 (C:\\Users\\anjali.s08\\Desktop\\ReactWS\\REACT-with-Typescript\\EventEssence\\Event Essence\\EventEssence_ToTrainee\\node_modules\\@jest\\core\\build\\cli\\index.js:320:7)\n    at runCLI (C:\\Users\\anjali.s08\\Desktop\\ReactWS\\REACT-with-Typescript\\EventEssence\\Event Essence\\EventEssence_ToTrainee\\node_modules\\@jest\\core\\build\\cli\\index.js:173:3)\n    at Object.run (C:\\Users\\anjali.s08\\Desktop\\ReactWS\\REACT-with-Typescript\\EventEssence\\Event Essence\\EventEssence_ToTrainee\\node_modules\\jest-cli\\build\\cli\\index.js:155:37)"],"fullName":"Structural | Render | EventBooking Component Verifying the type of second radio field type","location":null,"status":"failed","title":"Verifying the type of second radio field type"},{"ancestorTitles":["Structural | Render | EventBooking Component"],"failureMessages":["Error: \u001b[2mexpect(\u001b[22m\u001b[31mreceived\u001b[39m\u001b[2m).toBeInTheDocument()\u001b[22m\n\n\u001b[31mreceived\u001b[39m value must be an HTMLElement or an SVGElement.\nReceived has value: \u001b[31mundefined\u001b[39m\n    at __EXTERNAL_MATCHER_TRAP__ (C:\\Users\\anjali.s08\\Desktop\\ReactWS\\REACT-with-Typescript\\EventEssence\\Event Essence\\EventEssence_ToTrainee\\node_modules\\expect\\build\\index.js:386:30)\n    at Object.toBeInTheDocument (C:\\Users\\anjali.s08\\Desktop\\ReactWS\\REACT-with-Typescript\\EventEssence\\Event Essence\\EventEssence_ToTrainee\\node_modules\\expect\\build\\index.js:387:15)\n    at Object.<anonymous> (C:\\Users\\anjali.s08\\Desktop\\ReactWS\\REACT-with-Typescript\\EventEssence\\Event Essence\\EventEssence_ToTrainee\\src\\App.test.tsx:58:26)\n    at Promise.then.completed (C:\\Users\\anjali.s08\\Desktop\\ReactWS\\REACT-with-Typescript\\EventEssence\\Event Essence\\EventEssence_ToTrainee\\node_modules\\jest-circus\\build\\utils.js:391:28)\n    at new Promise (<anonymous>)\n    at callAsyncCircusFn (C:\\Users\\anjali.s08\\Desktop\\ReactWS\\REACT-with-Typescript\\EventEssence\\Event Essence\\EventEssence_ToTrainee\\node_modules\\jest-circus\\build\\utils.js:316:10)\n    at _callCircusTest (C:\\Users\\anjali.s08\\Desktop\\ReactWS\\REACT-with-Typescript\\EventEssence\\Event Essence\\EventEssence_ToTrainee\\node_modules\\jest-circus\\build\\run.js:218:40)\n    at processTicksAndRejections (node:internal/process/task_queues:95:5)\n    at _runTest (C:\\Users\\anjali.s08\\Desktop\\ReactWS\\REACT-with-Typescript\\EventEssence\\Event Essence\\EventEssence_ToTrainee\\node_modules\\jest-circus\\build\\run.js:155:3)\n    at _runTestsForDescribeBlock (C:\\Users\\anjali.s08\\Desktop\\ReactWS\\REACT-with-Typescript\\EventEssence\\Event Essence\\EventEssence_ToTrainee\\node_modules\\jest-circus\\build\\run.js:66:9)\n    at _runTestsForDescribeBlock (C:\\Users\\anjali.s08\\Desktop\\ReactWS\\REACT-with-Typescript\\EventEssence\\Event Essence\\EventEssence_ToTrainee\\node_modules\\jest-circus\\build\\run.js:60:9)\n    at run (C:\\Users\\anjali.s08\\Desktop\\ReactWS\\REACT-with-Typescript\\EventEssence\\Event Essence\\EventEssence_ToTrainee\\node_modules\\jest-circus\\build\\run.js:25:3)\n    at runAndTransformResultsToJestFormat (C:\\Users\\anjali.s08\\Desktop\\ReactWS\\REACT-with-Typescript\\EventEssence\\Event Essence\\EventEssence_ToTrainee\\node_modules\\jest-circus\\build\\legacy-code-todo-rewrite\\jestAdapterInit.js:170:21)\n    at jestAdapter (C:\\Users\\anjali.s08\\Desktop\\ReactWS\\REACT-with-Typescript\\EventEssence\\Event Essence\\EventEssence_ToTrainee\\node_modules\\jest-circus\\build\\legacy-code-todo-rewrite\\jestAdapter.js:82:19)\n    at runTestInternal (C:\\Users\\anjali.s08\\Desktop\\ReactWS\\REACT-with-Typescript\\EventEssence\\Event Essence\\EventEssence_ToTrainee\\node_modules\\jest-runner\\build\\runTest.js:389:16)\n    at runTest (C:\\Users\\anjali.s08\\Desktop\\ReactWS\\REACT-with-Typescript\\EventEssence\\Event Essence\\EventEssence_ToTrainee\\node_modules\\jest-runner\\build\\runTest.js:475:34)\n    at TestRunner.runTests (C:\\Users\\anjali.s08\\Desktop\\ReactWS\\REACT-with-Typescript\\EventEssence\\Event Essence\\EventEssence_ToTrainee\\node_modules\\jest-runner\\build\\index.js:101:12)\n    at TestScheduler.scheduleTests (C:\\Users\\anjali.s08\\Desktop\\ReactWS\\REACT-with-Typescript\\EventEssence\\Event Essence\\EventEssence_ToTrainee\\node_modules\\@jest\\core\\build\\TestScheduler.js:333:13)\n    at runJest (C:\\Users\\anjali.s08\\Desktop\\ReactWS\\REACT-with-Typescript\\EventEssence\\Event Essence\\EventEssence_ToTrainee\\node_modules\\@jest\\core\\build\\runJest.js:404:19)\n    at _run10000 (C:\\Users\\anjali.s08\\Desktop\\ReactWS\\REACT-with-Typescript\\EventEssence\\Event Essence\\EventEssence_ToTrainee\\node_modules\\@jest\\core\\build\\cli\\index.js:320:7)\n    at runCLI (C:\\Users\\anjali.s08\\Desktop\\ReactWS\\REACT-with-Typescript\\EventEssence\\Event Essence\\EventEssence_ToTrainee\\node_modules\\@jest\\core\\build\\cli\\index.js:173:3)\n    at Object.run (C:\\Users\\anjali.s08\\Desktop\\ReactWS\\REACT-with-Typescript\\EventEssence\\Event Essence\\EventEssence_ToTrainee\\node_modules\\jest-cli\\build\\cli\\index.js:155:37)"],"fullName":"Structural | Render | EventBooking Component Verifying the type of third radio field type","location":null,"status":"failed","title":"Verifying the type of third radio field type"},{"ancestorTitles":["XStructural | Render | ViewBooking Component"],"failureMessages":[],"fullName":"XStructural | Render | ViewBooking Component Verifying the type of eventId field type","location":null,"status":"passed","title":"Verifying the type of eventId field type"},{"ancestorTitles":["Structural | Render | EventBooking Component"],"failureMessages":["Error: \u001b[2mexpect(\u001b[22m\u001b[31mreceived\u001b[39m\u001b[2m).toHaveAttribute()\u001b[22m\n\n\u001b[31mreceived\u001b[39m value must be an HTMLElement or an SVGElement.\nReceived has value: \u001b[31mundefined\u001b[39m\n    at __EXTERNAL_MATCHER_TRAP__ (C:\\Users\\anjali.s08\\Desktop\\ReactWS\\REACT-with-Typescript\\EventEssence\\Event Essence\\EventEssence_ToTrainee\\node_modules\\expect\\build\\index.js:386:30)\n    at Object.toHaveAttribute (C:\\Users\\anjali.s08\\Desktop\\ReactWS\\REACT-with-Typescript\\EventEssence\\Event Essence\\EventEssence_ToTrainee\\node_modules\\expect\\build\\index.js:387:15)\n    at Object.<anonymous> (C:\\Users\\anjali.s08\\Desktop\\ReactWS\\REACT-with-Typescript\\EventEssence\\Event Essence\\EventEssence_ToTrainee\\src\\App.test.tsx:85:29)\n    at Promise.then.completed (C:\\Users\\anjali.s08\\Desktop\\ReactWS\\REACT-with-Typescript\\EventEssence\\Event Essence\\EventEssence_ToTrainee\\node_modules\\jest-circus\\build\\utils.js:391:28)\n    at new Promise (<anonymous>)\n    at callAsyncCircusFn (C:\\Users\\anjali.s08\\Desktop\\ReactWS\\REACT-with-Typescript\\EventEssence\\Event Essence\\EventEssence_ToTrainee\\node_modules\\jest-circus\\build\\utils.js:316:10)\n    at _callCircusTest (C:\\Users\\anjali.s08\\Desktop\\ReactWS\\REACT-with-Typescript\\EventEssence\\Event Essence\\EventEssence_ToTrainee\\node_modules\\jest-circus\\build\\run.js:218:40)\n    at processTicksAndRejections (node:internal/process/task_queues:95:5)\n    at _runTest (C:\\Users\\anjali.s08\\Desktop\\ReactWS\\REACT-with-Typescript\\EventEssence\\Event Essence\\EventEssence_ToTrainee\\node_modules\\jest-circus\\build\\run.js:155:3)\n    at _runTestsForDescribeBlock (C:\\Users\\anjali.s08\\Desktop\\ReactWS\\REACT-with-Typescript\\EventEssence\\Event Essence\\EventEssence_ToTrainee\\node_modules\\jest-circus\\build\\run.js:66:9)\n    at _runTestsForDescribeBlock (C:\\Users\\anjali.s08\\Desktop\\ReactWS\\REACT-with-Typescript\\EventEssence\\Event Essence\\EventEssence_ToTrainee\\node_modules\\jest-circus\\build\\run.js:60:9)\n    at run (C:\\Users\\anjali.s08\\Desktop\\ReactWS\\REACT-with-Typescript\\EventEssence\\Event Essence\\EventEssence_ToTrainee\\node_modules\\jest-circus\\build\\run.js:25:3)\n    at runAndTransformResultsToJestFormat (C:\\Users\\anjali.s08\\Desktop\\ReactWS\\REACT-with-Typescript\\EventEssence\\Event Essence\\EventEssence_ToTrainee\\node_modules\\jest-circus\\build\\legacy-code-todo-rewrite\\jestAdapterInit.js:170:21)\n    at jestAdapter (C:\\Users\\anjali.s08\\Desktop\\ReactWS\\REACT-with-Typescript\\EventEssence\\Event Essence\\EventEssence_ToTrainee\\node_modules\\jest-circus\\build\\legacy-code-todo-rewrite\\jestAdapter.js:82:19)\n    at runTestInternal (C:\\Users\\anjali.s08\\Desktop\\ReactWS\\REACT-with-Typescript\\EventEssence\\Event Essence\\EventEssence_ToTrainee\\node_modules\\jest-runner\\build\\runTest.js:389:16)\n    at runTest (C:\\Users\\anjali.s08\\Desktop\\ReactWS\\REACT-with-Typescript\\EventEssence\\Event Essence\\EventEssence_ToTrainee\\node_modules\\jest-runner\\build\\runTest.js:475:34)\n    at TestRunner.runTests (C:\\Users\\anjali.s08\\Desktop\\ReactWS\\REACT-with-Typescript\\EventEssence\\Event Essence\\EventEssence_ToTrainee\\node_modules\\jest-runner\\build\\index.js:101:12)\n    at TestScheduler.scheduleTests (C:\\Users\\anjali.s08\\Desktop\\ReactWS\\REACT-with-Typescript\\EventEssence\\Event Essence\\EventEssence_ToTrainee\\node_modules\\@jest\\core\\build\\TestScheduler.js:333:13)\n    at runJest (C:\\Users\\anjali.s08\\Desktop\\ReactWS\\REACT-with-Typescript\\EventEssence\\Event Essence\\EventEssence_ToTrainee\\node_modules\\@jest\\core\\build\\runJest.js:404:19)\n    at _run10000 (C:\\Users\\anjali.s08\\Desktop\\ReactWS\\REACT-with-Typescript\\EventEssence\\Event Essence\\EventEssence_ToTrainee\\node_modules\\@jest\\core\\build\\cli\\index.js:320:7)\n    at runCLI (C:\\Users\\anjali.s08\\Desktop\\ReactWS\\REACT-with-Typescript\\EventEssence\\Event Essence\\EventEssence_ToTrainee\\node_modules\\@jest\\core\\build\\cli\\index.js:173:3)\n    at Object.run (C:\\Users\\anjali.s08\\Desktop\\ReactWS\\REACT-with-Typescript\\EventEssence\\Event Essence\\EventEssence_ToTrainee\\node_modules\\jest-cli\\build\\cli\\index.js:155:37)"],"fullName":"Structural | Render | EventBooking Component Verifying if placeholder is accurate for hostName field","location":null,"status":"failed","title":"Verifying if placeholder is accurate for hostName field"},{"ancestorTitles":["XStructural | Render | ViewBooking Component"],"failureMessages":[],"fullName":"XStructural | Render | ViewBooking Component Verifying if placeholder is accurate for eventId field","location":null,"status":"passed","title":"Verifying if placeholder is accurate for eventId field"},{"ancestorTitles":["Structural | Render | bootstrapClass"],"failureMessages":["Error: \u001b[2mexpect(\u001b[22m\u001b[31mreceived\u001b[39m\u001b[2m).toHaveAttribute()\u001b[22m\n\n\u001b[31mreceived\u001b[39m value must be an HTMLElement or an SVGElement.\nReceived has value: \u001b[31mundefined\u001b[39m\n    at __EXTERNAL_MATCHER_TRAP__ (C:\\Users\\anjali.s08\\Desktop\\ReactWS\\REACT-with-Typescript\\EventEssence\\Event Essence\\EventEssence_ToTrainee\\node_modules\\expect\\build\\index.js:386:30)\n    at Object.toHaveAttribute (C:\\Users\\anjali.s08\\Desktop\\ReactWS\\REACT-with-Typescript\\EventEssence\\Event Essence\\EventEssence_ToTrainee\\node_modules\\expect\\build\\index.js:387:15)\n    at Object.<anonymous> (C:\\Users\\anjali.s08\\Desktop\\ReactWS\\REACT-with-Typescript\\EventEssence\\Event Essence\\EventEssence_ToTrainee\\src\\App.test.tsx:112:24)\n    at Promise.then.completed (C:\\Users\\anjali.s08\\Desktop\\ReactWS\\REACT-with-Typescript\\EventEssence\\Event Essence\\EventEssence_ToTrainee\\node_modules\\jest-circus\\build\\utils.js:391:28)\n    at new Promise (<anonymous>)\n    at callAsyncCircusFn (C:\\Users\\anjali.s08\\Desktop\\ReactWS\\REACT-with-Typescript\\EventEssence\\Event Essence\\EventEssence_ToTrainee\\node_modules\\jest-circus\\build\\utils.js:316:10)\n    at _callCircusTest (C:\\Users\\anjali.s08\\Desktop\\ReactWS\\REACT-with-Typescript\\EventEssence\\Event Essence\\EventEssence_ToTrainee\\node_modules\\jest-circus\\build\\run.js:218:40)\n    at processTicksAndRejections (node:internal/process/task_queues:95:5)\n    at _runTest (C:\\Users\\anjali.s08\\Desktop\\ReactWS\\REACT-with-Typescript\\EventEssence\\Event Essence\\EventEssence_ToTrainee\\node_modules\\jest-circus\\build\\run.js:155:3)\n    at _runTestsForDescribeBlock (C:\\Users\\anjali.s08\\Desktop\\ReactWS\\REACT-with-Typescript\\EventEssence\\Event Essence\\EventEssence_ToTrainee\\node_modules\\jest-circus\\build\\run.js:66:9)\n    at _runTestsForDescribeBlock (C:\\Users\\anjali.s08\\Desktop\\ReactWS\\REACT-with-Typescript\\EventEssence\\Event Essence\\EventEssence_ToTrainee\\node_modules\\jest-circus\\build\\run.js:60:9)\n    at run (C:\\Users\\anjali.s08\\Desktop\\ReactWS\\REACT-with-Typescript\\EventEssence\\Event Essence\\EventEssence_ToTrainee\\node_modules\\jest-circus\\build\\run.js:25:3)\n    at runAndTransformResultsToJestFormat (C:\\Users\\anjali.s08\\Desktop\\ReactWS\\REACT-with-Typescript\\EventEssence\\Event Essence\\EventEssence_ToTrainee\\node_modules\\jest-circus\\build\\legacy-code-todo-rewrite\\jestAdapterInit.js:170:21)\n    at jestAdapter (C:\\Users\\anjali.s08\\Desktop\\ReactWS\\REACT-with-Typescript\\EventEssence\\Event Essence\\EventEssence_ToTrainee\\node_modules\\jest-circus\\build\\legacy-code-todo-rewrite\\jestAdapter.js:82:19)\n    at runTestInternal (C:\\Users\\anjali.s08\\Desktop\\ReactWS\\REACT-with-Typescript\\EventEssence\\Event Essence\\EventEssence_ToTrainee\\node_modules\\jest-runner\\build\\runTest.js:389:16)\n    at runTest (C:\\Users\\anjali.s08\\Desktop\\ReactWS\\REACT-with-Typescript\\EventEssence\\Event Essence\\EventEssence_ToTrainee\\node_modules\\jest-runner\\build\\runTest.js:475:34)\n    at TestRunner.runTests (C:\\Users\\anjali.s08\\Desktop\\ReactWS\\REACT-with-Typescript\\EventEssence\\Event Essence\\EventEssence_ToTrainee\\node_modules\\jest-runner\\build\\index.js:101:12)\n    at TestScheduler.scheduleTests (C:\\Users\\anjali.s08\\Desktop\\ReactWS\\REACT-with-Typescript\\EventEssence\\Event Essence\\EventEssence_ToTrainee\\node_modules\\@jest\\core\\build\\TestScheduler.js:333:13)\n    at runJest (C:\\Users\\anjali.s08\\Desktop\\ReactWS\\REACT-with-Typescript\\EventEssence\\Event Essence\\EventEssence_ToTrainee\\node_modules\\@jest\\core\\build\\runJest.js:404:19)\n    at _run10000 (C:\\Users\\anjali.s08\\Desktop\\ReactWS\\REACT-with-Typescript\\EventEssence\\Event Essence\\EventEssence_ToTrainee\\node_modules\\@jest\\core\\build\\cli\\index.js:320:7)\n    at runCLI (C:\\Users\\anjali.s08\\Desktop\\ReactWS\\REACT-with-Typescript\\EventEssence\\Event Essence\\EventEssence_ToTrainee\\node_modules\\@jest\\core\\build\\cli\\index.js:173:3)\n    at Object.run (C:\\Users\\anjali.s08\\Desktop\\ReactWS\\REACT-with-Typescript\\EventEssence\\Event Essence\\EventEssence_ToTrainee\\node_modules\\jest-cli\\build\\cli\\index.js:155:37)"],"fullName":"Structural | Render | bootstrapClass Verifying form-control for field hostName","location":null,"status":"failed","title":"Verifying form-control for field hostName"},{"ancestorTitles":["Structural | Render | bootstrapClass"],"failureMessages":["Error: \u001b[2mexpect(\u001b[22m\u001b[31mreceived\u001b[39m\u001b[2m).toHaveAttribute()\u001b[22m\n\n\u001b[31mreceived\u001b[39m value must be an HTMLElement or an SVGElement.\nReceived has value: \u001b[31mundefined\u001b[39m\n    at __EXTERNAL_MATCHER_TRAP__ (C:\\Users\\anjali.s08\\Desktop\\ReactWS\\REACT-with-Typescript\\EventEssence\\Event Essence\\EventEssence_ToTrainee\\node_modules\\expect\\build\\index.js:386:30)\n    at Object.toHaveAttribute (C:\\Users\\anjali.s08\\Desktop\\ReactWS\\REACT-with-Typescript\\EventEssence\\Event Essence\\EventEssence_ToTrainee\\node_modules\\expect\\build\\index.js:387:15)\n    at Object.<anonymous> (C:\\Users\\anjali.s08\\Desktop\\ReactWS\\REACT-with-Typescript\\EventEssence\\Event Essence\\EventEssence_ToTrainee\\src\\App.test.tsx:118:29)\n    at Promise.then.completed (C:\\Users\\anjali.s08\\Desktop\\ReactWS\\REACT-with-Typescript\\EventEssence\\Event Essence\\EventEssence_ToTrainee\\node_modules\\jest-circus\\build\\utils.js:391:28)\n    at new Promise (<anonymous>)\n    at callAsyncCircusFn (C:\\Users\\anjali.s08\\Desktop\\ReactWS\\REACT-with-Typescript\\EventEssence\\Event Essence\\EventEssence_ToTrainee\\node_modules\\jest-circus\\build\\utils.js:316:10)\n    at _callCircusTest (C:\\Users\\anjali.s08\\Desktop\\ReactWS\\REACT-with-Typescript\\EventEssence\\Event Essence\\EventEssence_ToTrainee\\node_modules\\jest-circus\\build\\run.js:218:40)\n    at processTicksAndRejections (node:internal/process/task_queues:95:5)\n    at _runTest (C:\\Users\\anjali.s08\\Desktop\\ReactWS\\REACT-with-Typescript\\EventEssence\\Event Essence\\EventEssence_ToTrainee\\node_modules\\jest-circus\\build\\run.js:155:3)\n    at _runTestsForDescribeBlock (C:\\Users\\anjali.s08\\Desktop\\ReactWS\\REACT-with-Typescript\\EventEssence\\Event Essence\\EventEssence_ToTrainee\\node_modules\\jest-circus\\build\\run.js:66:9)\n    at _runTestsForDescribeBlock (C:\\Users\\anjali.s08\\Desktop\\ReactWS\\REACT-with-Typescript\\EventEssence\\Event Essence\\EventEssence_ToTrainee\\node_modules\\jest-circus\\build\\run.js:60:9)\n    at run (C:\\Users\\anjali.s08\\Desktop\\ReactWS\\REACT-with-Typescript\\EventEssence\\Event Essence\\EventEssence_ToTrainee\\node_modules\\jest-circus\\build\\run.js:25:3)\n    at runAndTransformResultsToJestFormat (C:\\Users\\anjali.s08\\Desktop\\ReactWS\\REACT-with-Typescript\\EventEssence\\Event Essence\\EventEssence_ToTrainee\\node_modules\\jest-circus\\build\\legacy-code-todo-rewrite\\jestAdapterInit.js:170:21)\n    at jestAdapter (C:\\Users\\anjali.s08\\Desktop\\ReactWS\\REACT-with-Typescript\\EventEssence\\Event Essence\\EventEssence_ToTrainee\\node_modules\\jest-circus\\build\\legacy-code-todo-rewrite\\jestAdapter.js:82:19)\n    at runTestInternal (C:\\Users\\anjali.s08\\Desktop\\ReactWS\\REACT-with-Typescript\\EventEssence\\Event Essence\\EventEssence_ToTrainee\\node_modules\\jest-runner\\build\\runTest.js:389:16)\n    at runTest (C:\\Users\\anjali.s08\\Desktop\\ReactWS\\REACT-with-Typescript\\EventEssence\\Event Essence\\EventEssence_ToTrainee\\node_modules\\jest-runner\\build\\runTest.js:475:34)\n    at TestRunner.runTests (C:\\Users\\anjali.s08\\Desktop\\ReactWS\\REACT-with-Typescript\\EventEssence\\Event Essence\\EventEssence_ToTrainee\\node_modules\\jest-runner\\build\\index.js:101:12)\n    at TestScheduler.scheduleTests (C:\\Users\\anjali.s08\\Desktop\\ReactWS\\REACT-with-Typescript\\EventEssence\\Event Essence\\EventEssence_ToTrainee\\node_modules\\@jest\\core\\build\\TestScheduler.js:333:13)\n    at runJest (C:\\Users\\anjali.s08\\Desktop\\ReactWS\\REACT-with-Typescript\\EventEssence\\Event Essence\\EventEssence_ToTrainee\\node_modules\\@jest\\core\\build\\runJest.js:404:19)\n    at _run10000 (C:\\Users\\anjali.s08\\Desktop\\ReactWS\\REACT-with-Typescript\\EventEssence\\Event Essence\\EventEssence_ToTrainee\\node_modules\\@jest\\core\\build\\cli\\index.js:320:7)\n    at runCLI (C:\\Users\\anjali.s08\\Desktop\\ReactWS\\REACT-with-Typescript\\EventEssence\\Event Essence\\EventEssence_ToTrainee\\node_modules\\@jest\\core\\build\\cli\\index.js:173:3)\n    at Object.run (C:\\Users\\anjali.s08\\Desktop\\ReactWS\\REACT-with-Typescript\\EventEssence\\Event Essence\\EventEssence_ToTrainee\\node_modules\\jest-cli\\build\\cli\\index.js:155:37)"],"fullName":"Structural | Render | bootstrapClass Verifying form-control for field contactNumber","location":null,"status":"failed","title":"Verifying form-control for field contactNumber"},{"ancestorTitles":["Structural | Render | bootstrapClass"],"failureMessages":["Error: \u001b[2mexpect(\u001b[22m\u001b[31mreceived\u001b[39m\u001b[2m).toHaveAttribute()\u001b[22m\n\n\u001b[31mreceived\u001b[39m value must be an HTMLElement or an SVGElement.\nReceived has value: \u001b[31mundefined\u001b[39m\n    at __EXTERNAL_MATCHER_TRAP__ (C:\\Users\\anjali.s08\\Desktop\\ReactWS\\REACT-with-Typescript\\EventEssence\\Event Essence\\EventEssence_ToTrainee\\node_modules\\expect\\build\\index.js:386:30)\n    at Object.toHaveAttribute (C:\\Users\\anjali.s08\\Desktop\\ReactWS\\REACT-with-Typescript\\EventEssence\\Event Essence\\EventEssence_ToTrainee\\node_modules\\expect\\build\\index.js:387:15)\n    at Object.<anonymous> (C:\\Users\\anjali.s08\\Desktop\\ReactWS\\REACT-with-Typescript\\EventEssence\\Event Essence\\EventEssence_ToTrainee\\src\\App.test.tsx:124:33)\n    at Promise.then.completed (C:\\Users\\anjali.s08\\Desktop\\ReactWS\\REACT-with-Typescript\\EventEssence\\Event Essence\\EventEssence_ToTrainee\\node_modules\\jest-circus\\build\\utils.js:391:28)\n    at new Promise (<anonymous>)\n    at callAsyncCircusFn (C:\\Users\\anjali.s08\\Desktop\\ReactWS\\REACT-with-Typescript\\EventEssence\\Event Essence\\EventEssence_ToTrainee\\node_modules\\jest-circus\\build\\utils.js:316:10)\n    at _callCircusTest (C:\\Users\\anjali.s08\\Desktop\\ReactWS\\REACT-with-Typescript\\EventEssence\\Event Essence\\EventEssence_ToTrainee\\node_modules\\jest-circus\\build\\run.js:218:40)\n    at processTicksAndRejections (node:internal/process/task_queues:95:5)\n    at _runTest (C:\\Users\\anjali.s08\\Desktop\\ReactWS\\REACT-with-Typescript\\EventEssence\\Event Essence\\EventEssence_ToTrainee\\node_modules\\jest-circus\\build\\run.js:155:3)\n    at _runTestsForDescribeBlock (C:\\Users\\anjali.s08\\Desktop\\ReactWS\\REACT-with-Typescript\\EventEssence\\Event Essence\\EventEssence_ToTrainee\\node_modules\\jest-circus\\build\\run.js:66:9)\n    at _runTestsForDescribeBlock (C:\\Users\\anjali.s08\\Desktop\\ReactWS\\REACT-with-Typescript\\EventEssence\\Event Essence\\EventEssence_ToTrainee\\node_modules\\jest-circus\\build\\run.js:60:9)\n    at run (C:\\Users\\anjali.s08\\Desktop\\ReactWS\\REACT-with-Typescript\\EventEssence\\Event Essence\\EventEssence_ToTrainee\\node_modules\\jest-circus\\build\\run.js:25:3)\n    at runAndTransformResultsToJestFormat (C:\\Users\\anjali.s08\\Desktop\\ReactWS\\REACT-with-Typescript\\EventEssence\\Event Essence\\EventEssence_ToTrainee\\node_modules\\jest-circus\\build\\legacy-code-todo-rewrite\\jestAdapterInit.js:170:21)\n    at jestAdapter (C:\\Users\\anjali.s08\\Desktop\\ReactWS\\REACT-with-Typescript\\EventEssence\\Event Essence\\EventEssence_ToTrainee\\node_modules\\jest-circus\\build\\legacy-code-todo-rewrite\\jestAdapter.js:82:19)\n    at runTestInternal (C:\\Users\\anjali.s08\\Desktop\\ReactWS\\REACT-with-Typescript\\EventEssence\\Event Essence\\EventEssence_ToTrainee\\node_modules\\jest-runner\\build\\runTest.js:389:16)\n    at runTest (C:\\Users\\anjali.s08\\Desktop\\ReactWS\\REACT-with-Typescript\\EventEssence\\Event Essence\\EventEssence_ToTrainee\\node_modules\\jest-runner\\build\\runTest.js:475:34)\n    at TestRunner.runTests (C:\\Users\\anjali.s08\\Desktop\\ReactWS\\REACT-with-Typescript\\EventEssence\\Event Essence\\EventEssence_ToTrainee\\node_modules\\jest-runner\\build\\index.js:101:12)\n    at TestScheduler.scheduleTests (C:\\Users\\anjali.s08\\Desktop\\ReactWS\\REACT-with-Typescript\\EventEssence\\Event Essence\\EventEssence_ToTrainee\\node_modules\\@jest\\core\\build\\TestScheduler.js:333:13)\n    at runJest (C:\\Users\\anjali.s08\\Desktop\\ReactWS\\REACT-with-Typescript\\EventEssence\\Event Essence\\EventEssence_ToTrainee\\node_modules\\@jest\\core\\build\\runJest.js:404:19)\n    at _run10000 (C:\\Users\\anjali.s08\\Desktop\\ReactWS\\REACT-with-Typescript\\EventEssence\\Event Essence\\EventEssence_ToTrainee\\node_modules\\@jest\\core\\build\\cli\\index.js:320:7)\n    at runCLI (C:\\Users\\anjali.s08\\Desktop\\ReactWS\\REACT-with-Typescript\\EventEssence\\Event Essence\\EventEssence_ToTrainee\\node_modules\\@jest\\core\\build\\cli\\index.js:173:3)\n    at Object.run (C:\\Users\\anjali.s08\\Desktop\\ReactWS\\REACT-with-Typescript\\EventEssence\\Event Essence\\EventEssence_ToTrainee\\node_modules\\jest-cli\\build\\cli\\index.js:155:37)"],"fullName":"Structural | Render | bootstrapClass Verifying form-control for field numberOfAttendees","location":null,"status":"failed","title":"Verifying form-control for field numberOfAttendees"},{"ancestorTitles":["Structural | Render | bootstrapClass"],"failureMessages":["Error: \u001b[2mexpect(\u001b[22m\u001b[31mreceived\u001b[39m\u001b[2m).toHaveAttribute()\u001b[22m\n\n\u001b[31mreceived\u001b[39m value must be an HTMLElement or an SVGElement.\nReceived has value: \u001b[31mundefined\u001b[39m\n    at __EXTERNAL_MATCHER_TRAP__ (C:\\Users\\anjali.s08\\Desktop\\ReactWS\\REACT-with-Typescript\\EventEssence\\Event Essence\\EventEssence_ToTrainee\\node_modules\\expect\\build\\index.js:386:30)\n    at Object.toHaveAttribute (C:\\Users\\anjali.s08\\Desktop\\ReactWS\\REACT-with-Typescript\\EventEssence\\Event Essence\\EventEssence_ToTrainee\\node_modules\\expect\\build\\index.js:387:15)\n    at Object.<anonymous> (C:\\Users\\anjali.s08\\Desktop\\ReactWS\\REACT-with-Typescript\\EventEssence\\Event Essence\\EventEssence_ToTrainee\\src\\App.test.tsx:130:25)\n    at Promise.then.completed (C:\\Users\\anjali.s08\\Desktop\\ReactWS\\REACT-with-Typescript\\EventEssence\\Event Essence\\EventEssence_ToTrainee\\node_modules\\jest-circus\\build\\utils.js:391:28)\n    at new Promise (<anonymous>)\n    at callAsyncCircusFn (C:\\Users\\anjali.s08\\Desktop\\ReactWS\\REACT-with-Typescript\\EventEssence\\Event Essence\\EventEssence_ToTrainee\\node_modules\\jest-circus\\build\\utils.js:316:10)\n    at _callCircusTest (C:\\Users\\anjali.s08\\Desktop\\ReactWS\\REACT-with-Typescript\\EventEssence\\Event Essence\\EventEssence_ToTrainee\\node_modules\\jest-circus\\build\\run.js:218:40)\n    at processTicksAndRejections (node:internal/process/task_queues:95:5)\n    at _runTest (C:\\Users\\anjali.s08\\Desktop\\ReactWS\\REACT-with-Typescript\\EventEssence\\Event Essence\\EventEssence_ToTrainee\\node_modules\\jest-circus\\build\\run.js:155:3)\n    at _runTestsForDescribeBlock (C:\\Users\\anjali.s08\\Desktop\\ReactWS\\REACT-with-Typescript\\EventEssence\\Event Essence\\EventEssence_ToTrainee\\node_modules\\jest-circus\\build\\run.js:66:9)\n    at _runTestsForDescribeBlock (C:\\Users\\anjali.s08\\Desktop\\ReactWS\\REACT-with-Typescript\\EventEssence\\Event Essence\\EventEssence_ToTrainee\\node_modules\\jest-circus\\build\\run.js:60:9)\n    at run (C:\\Users\\anjali.s08\\Desktop\\ReactWS\\REACT-with-Typescript\\EventEssence\\Event Essence\\EventEssence_ToTrainee\\node_modules\\jest-circus\\build\\run.js:25:3)\n    at runAndTransformResultsToJestFormat (C:\\Users\\anjali.s08\\Desktop\\ReactWS\\REACT-with-Typescript\\EventEssence\\Event Essence\\EventEssence_ToTrainee\\node_modules\\jest-circus\\build\\legacy-code-todo-rewrite\\jestAdapterInit.js:170:21)\n    at jestAdapter (C:\\Users\\anjali.s08\\Desktop\\ReactWS\\REACT-with-Typescript\\EventEssence\\Event Essence\\EventEssence_ToTrainee\\node_modules\\jest-circus\\build\\legacy-code-todo-rewrite\\jestAdapter.js:82:19)\n    at runTestInternal (C:\\Users\\anjali.s08\\Desktop\\ReactWS\\REACT-with-Typescript\\EventEssence\\Event Essence\\EventEssence_ToTrainee\\node_modules\\jest-runner\\build\\runTest.js:389:16)\n    at runTest (C:\\Users\\anjali.s08\\Desktop\\ReactWS\\REACT-with-Typescript\\EventEssence\\Event Essence\\EventEssence_ToTrainee\\node_modules\\jest-runner\\build\\runTest.js:475:34)\n    at TestRunner.runTests (C:\\Users\\anjali.s08\\Desktop\\ReactWS\\REACT-with-Typescript\\EventEssence\\Event Essence\\EventEssence_ToTrainee\\node_modules\\jest-runner\\build\\index.js:101:12)\n    at TestScheduler.scheduleTests (C:\\Users\\anjali.s08\\Desktop\\ReactWS\\REACT-with-Typescript\\EventEssence\\Event Essence\\EventEssence_ToTrainee\\node_modules\\@jest\\core\\build\\TestScheduler.js:333:13)\n    at runJest (C:\\Users\\anjali.s08\\Desktop\\ReactWS\\REACT-with-Typescript\\EventEssence\\Event Essence\\EventEssence_ToTrainee\\node_modules\\@jest\\core\\build\\runJest.js:404:19)\n    at _run10000 (C:\\Users\\anjali.s08\\Desktop\\ReactWS\\REACT-with-Typescript\\EventEssence\\Event Essence\\EventEssence_ToTrainee\\node_modules\\@jest\\core\\build\\cli\\index.js:320:7)\n    at runCLI (C:\\Users\\anjali.s08\\Desktop\\ReactWS\\REACT-with-Typescript\\EventEssence\\Event Essence\\EventEssence_ToTrainee\\node_modules\\@jest\\core\\build\\cli\\index.js:173:3)\n    at Object.run (C:\\Users\\anjali.s08\\Desktop\\ReactWS\\REACT-with-Typescript\\EventEssence\\Event Essence\\EventEssence_ToTrainee\\node_modules\\jest-cli\\build\\cli\\index.js:155:37)"],"fullName":"Structural | Render | bootstrapClass Verifying form-control for field select","location":null,"status":"failed","title":"Verifying form-control for field select"},{"ancestorTitles":["Structural | Render | bootstrapClass"],"failureMessages":["Error: \u001b[2mexpect(\u001b[22m\u001b[31mreceived\u001b[39m\u001b[2m).toHaveAttribute()\u001b[22m\n\n\u001b[31mreceived\u001b[39m value must be an HTMLElement or an SVGElement.\nReceived has value: \u001b[31mundefined\u001b[39m\n    at __EXTERNAL_MATCHER_TRAP__ (C:\\Users\\anjali.s08\\Desktop\\ReactWS\\REACT-with-Typescript\\EventEssence\\Event Essence\\EventEssence_ToTrainee\\node_modules\\expect\\build\\index.js:386:30)\n    at Object.toHaveAttribute (C:\\Users\\anjali.s08\\Desktop\\ReactWS\\REACT-with-Typescript\\EventEssence\\Event Essence\\EventEssence_ToTrainee\\node_modules\\expect\\build\\index.js:387:15)\n    at Object.<anonymous> (C:\\Users\\anjali.s08\\Desktop\\ReactWS\\REACT-with-Typescript\\EventEssence\\Event Essence\\EventEssence_ToTrainee\\src\\App.test.tsx:136:25)\n    at Promise.then.completed (C:\\Users\\anjali.s08\\Desktop\\ReactWS\\REACT-with-Typescript\\EventEssence\\Event Essence\\EventEssence_ToTrainee\\node_modules\\jest-circus\\build\\utils.js:391:28)\n    at new Promise (<anonymous>)\n    at callAsyncCircusFn (C:\\Users\\anjali.s08\\Desktop\\ReactWS\\REACT-with-Typescript\\EventEssence\\Event Essence\\EventEssence_ToTrainee\\node_modules\\jest-circus\\build\\utils.js:316:10)\n    at _callCircusTest (C:\\Users\\anjali.s08\\Desktop\\ReactWS\\REACT-with-Typescript\\EventEssence\\Event Essence\\EventEssence_ToTrainee\\node_modules\\jest-circus\\build\\run.js:218:40)\n    at processTicksAndRejections (node:internal/process/task_queues:95:5)\n    at _runTest (C:\\Users\\anjali.s08\\Desktop\\ReactWS\\REACT-with-Typescript\\EventEssence\\Event Essence\\EventEssence_ToTrainee\\node_modules\\jest-circus\\build\\run.js:155:3)\n    at _runTestsForDescribeBlock (C:\\Users\\anjali.s08\\Desktop\\ReactWS\\REACT-with-Typescript\\EventEssence\\Event Essence\\EventEssence_ToTrainee\\node_modules\\jest-circus\\build\\run.js:66:9)\n    at _runTestsForDescribeBlock (C:\\Users\\anjali.s08\\Desktop\\ReactWS\\REACT-with-Typescript\\EventEssence\\Event Essence\\EventEssence_ToTrainee\\node_modules\\jest-circus\\build\\run.js:60:9)\n    at run (C:\\Users\\anjali.s08\\Desktop\\ReactWS\\REACT-with-Typescript\\EventEssence\\Event Essence\\EventEssence_ToTrainee\\node_modules\\jest-circus\\build\\run.js:25:3)\n    at runAndTransformResultsToJestFormat (C:\\Users\\anjali.s08\\Desktop\\ReactWS\\REACT-with-Typescript\\EventEssence\\Event Essence\\EventEssence_ToTrainee\\node_modules\\jest-circus\\build\\legacy-code-todo-rewrite\\jestAdapterInit.js:170:21)\n    at jestAdapter (C:\\Users\\anjali.s08\\Desktop\\ReactWS\\REACT-with-Typescript\\EventEssence\\Event Essence\\EventEssence_ToTrainee\\node_modules\\jest-circus\\build\\legacy-code-todo-rewrite\\jestAdapter.js:82:19)\n    at runTestInternal (C:\\Users\\anjali.s08\\Desktop\\ReactWS\\REACT-with-Typescript\\EventEssence\\Event Essence\\EventEssence_ToTrainee\\node_modules\\jest-runner\\build\\runTest.js:389:16)\n    at runTest (C:\\Users\\anjali.s08\\Desktop\\ReactWS\\REACT-with-Typescript\\EventEssence\\Event Essence\\EventEssence_ToTrainee\\node_modules\\jest-runner\\build\\runTest.js:475:34)\n    at TestRunner.runTests (C:\\Users\\anjali.s08\\Desktop\\ReactWS\\REACT-with-Typescript\\EventEssence\\Event Essence\\EventEssence_ToTrainee\\node_modules\\jest-runner\\build\\index.js:101:12)\n    at TestScheduler.scheduleTests (C:\\Users\\anjali.s08\\Desktop\\ReactWS\\REACT-with-Typescript\\EventEssence\\Event Essence\\EventEssence_ToTrainee\\node_modules\\@jest\\core\\build\\TestScheduler.js:333:13)\n    at runJest (C:\\Users\\anjali.s08\\Desktop\\ReactWS\\REACT-with-Typescript\\EventEssence\\Event Essence\\EventEssence_ToTrainee\\node_modules\\@jest\\core\\build\\runJest.js:404:19)\n    at _run10000 (C:\\Users\\anjali.s08\\Desktop\\ReactWS\\REACT-with-Typescript\\EventEssence\\Event Essence\\EventEssence_ToTrainee\\node_modules\\@jest\\core\\build\\cli\\index.js:320:7)\n    at runCLI (C:\\Users\\anjali.s08\\Desktop\\ReactWS\\REACT-with-Typescript\\EventEssence\\Event Essence\\EventEssence_ToTrainee\\node_modules\\@jest\\core\\build\\cli\\index.js:173:3)\n    at Object.run (C:\\Users\\anjali.s08\\Desktop\\ReactWS\\REACT-with-Typescript\\EventEssence\\Event Essence\\EventEssence_ToTrainee\\node_modules\\jest-cli\\build\\cli\\index.js:155:37)"],"fullName":"Structural | Render | bootstrapClass Verifying the form-control class of eventDate field","location":null,"status":"failed","title":"Verifying the form-control class of eventDate field"},{"ancestorTitles":["Structural | Render | bootstrapClass"],"failureMessages":["Error: \u001b[2mexpect(\u001b[22m\u001b[31mreceived\u001b[39m\u001b[2m).toHaveAttribute()\u001b[22m\n\n\u001b[31mreceived\u001b[39m value must be an HTMLElement or an SVGElement.\nReceived has value: \u001b[31mundefined\u001b[39m\n    at __EXTERNAL_MATCHER_TRAP__ (C:\\Users\\anjali.s08\\Desktop\\ReactWS\\REACT-with-Typescript\\EventEssence\\Event Essence\\EventEssence_ToTrainee\\node_modules\\expect\\build\\index.js:386:30)\n    at Object.toHaveAttribute (C:\\Users\\anjali.s08\\Desktop\\ReactWS\\REACT-with-Typescript\\EventEssence\\Event Essence\\EventEssence_ToTrainee\\node_modules\\expect\\build\\index.js:387:15)\n    at Object.<anonymous> (C:\\Users\\anjali.s08\\Desktop\\ReactWS\\REACT-with-Typescript\\EventEssence\\Event Essence\\EventEssence_ToTrainee\\src\\App.test.tsx:144:19)\n    at Promise.then.completed (C:\\Users\\anjali.s08\\Desktop\\ReactWS\\REACT-with-Typescript\\EventEssence\\Event Essence\\EventEssence_ToTrainee\\node_modules\\jest-circus\\build\\utils.js:391:28)\n    at new Promise (<anonymous>)\n    at callAsyncCircusFn (C:\\Users\\anjali.s08\\Desktop\\ReactWS\\REACT-with-Typescript\\EventEssence\\Event Essence\\EventEssence_ToTrainee\\node_modules\\jest-circus\\build\\utils.js:316:10)\n    at _callCircusTest (C:\\Users\\anjali.s08\\Desktop\\ReactWS\\REACT-with-Typescript\\EventEssence\\Event Essence\\EventEssence_ToTrainee\\node_modules\\jest-circus\\build\\run.js:218:40)\n    at processTicksAndRejections (node:internal/process/task_queues:95:5)\n    at _runTest (C:\\Users\\anjali.s08\\Desktop\\ReactWS\\REACT-with-Typescript\\EventEssence\\Event Essence\\EventEssence_ToTrainee\\node_modules\\jest-circus\\build\\run.js:155:3)\n    at _runTestsForDescribeBlock (C:\\Users\\anjali.s08\\Desktop\\ReactWS\\REACT-with-Typescript\\EventEssence\\Event Essence\\EventEssence_ToTrainee\\node_modules\\jest-circus\\build\\run.js:66:9)\n    at _runTestsForDescribeBlock (C:\\Users\\anjali.s08\\Desktop\\ReactWS\\REACT-with-Typescript\\EventEssence\\Event Essence\\EventEssence_ToTrainee\\node_modules\\jest-circus\\build\\run.js:60:9)\n    at run (C:\\Users\\anjali.s08\\Desktop\\ReactWS\\REACT-with-Typescript\\EventEssence\\Event Essence\\EventEssence_ToTrainee\\node_modules\\jest-circus\\build\\run.js:25:3)\n    at runAndTransformResultsToJestFormat (C:\\Users\\anjali.s08\\Desktop\\ReactWS\\REACT-with-Typescript\\EventEssence\\Event Essence\\EventEssence_ToTrainee\\node_modules\\jest-circus\\build\\legacy-code-todo-rewrite\\jestAdapterInit.js:170:21)\n    at jestAdapter (C:\\Users\\anjali.s08\\Desktop\\ReactWS\\REACT-with-Typescript\\EventEssence\\Event Essence\\EventEssence_ToTrainee\\node_modules\\jest-circus\\build\\legacy-code-todo-rewrite\\jestAdapter.js:82:19)\n    at runTestInternal (C:\\Users\\anjali.s08\\Desktop\\ReactWS\\REACT-with-Typescript\\EventEssence\\Event Essence\\EventEssence_ToTrainee\\node_modules\\jest-runner\\build\\runTest.js:389:16)\n    at runTest (C:\\Users\\anjali.s08\\Desktop\\ReactWS\\REACT-with-Typescript\\EventEssence\\Event Essence\\EventEssence_ToTrainee\\node_modules\\jest-runner\\build\\runTest.js:475:34)\n    at TestRunner.runTests (C:\\Users\\anjali.s08\\Desktop\\ReactWS\\REACT-with-Typescript\\EventEssence\\Event Essence\\EventEssence_ToTrainee\\node_modules\\jest-runner\\build\\index.js:101:12)\n    at TestScheduler.scheduleTests (C:\\Users\\anjali.s08\\Desktop\\ReactWS\\REACT-with-Typescript\\EventEssence\\Event Essence\\EventEssence_ToTrainee\\node_modules\\@jest\\core\\build\\TestScheduler.js:333:13)\n    at runJest (C:\\Users\\anjali.s08\\Desktop\\ReactWS\\REACT-with-Typescript\\EventEssence\\Event Essence\\EventEssence_ToTrainee\\node_modules\\@jest\\core\\build\\runJest.js:404:19)\n    at _run10000 (C:\\Users\\anjali.s08\\Desktop\\ReactWS\\REACT-with-Typescript\\EventEssence\\Event Essence\\EventEssence_ToTrainee\\node_modules\\@jest\\core\\build\\cli\\index.js:320:7)\n    at runCLI (C:\\Users\\anjali.s08\\Desktop\\ReactWS\\REACT-with-Typescript\\EventEssence\\Event Essence\\EventEssence_ToTrainee\\node_modules\\@jest\\core\\build\\cli\\index.js:173:3)\n    at Object.run (C:\\Users\\anjali.s08\\Desktop\\ReactWS\\REACT-with-Typescript\\EventEssence\\Event Essence\\EventEssence_ToTrainee\\node_modules\\jest-cli\\build\\cli\\index.js:155:37)"],"fullName":"Structural | Render | bootstrapClass Verifying form-check-input for first radio button","location":null,"status":"failed","title":"Verifying form-check-input for first radio button"},{"ancestorTitles":["Structural | Render | bootstrapClass"],"failureMessages":["Error: \u001b[2mexpect(\u001b[22m\u001b[31mreceived\u001b[39m\u001b[2m).toHaveAttribute()\u001b[22m\n\n\u001b[31mreceived\u001b[39m value must be an HTMLElement or an SVGElement.\nReceived has value: \u001b[31mundefined\u001b[39m\n    at __EXTERNAL_MATCHER_TRAP__ (C:\\Users\\anjali.s08\\Desktop\\ReactWS\\REACT-with-Typescript\\EventEssence\\Event Essence\\EventEssence_ToTrainee\\node_modules\\expect\\build\\index.js:386:30)\n    at Object.toHaveAttribute (C:\\Users\\anjali.s08\\Desktop\\ReactWS\\REACT-with-Typescript\\EventEssence\\Event Essence\\EventEssence_ToTrainee\\node_modules\\expect\\build\\index.js:387:15)\n    at Object.<anonymous> (C:\\Users\\anjali.s08\\Desktop\\ReactWS\\REACT-with-Typescript\\EventEssence\\Event Essence\\EventEssence_ToTrainee\\src\\App.test.tsx:150:19)\n    at Promise.then.completed (C:\\Users\\anjali.s08\\Desktop\\ReactWS\\REACT-with-Typescript\\EventEssence\\Event Essence\\EventEssence_ToTrainee\\node_modules\\jest-circus\\build\\utils.js:391:28)\n    at new Promise (<anonymous>)\n    at callAsyncCircusFn (C:\\Users\\anjali.s08\\Desktop\\ReactWS\\REACT-with-Typescript\\EventEssence\\Event Essence\\EventEssence_ToTrainee\\node_modules\\jest-circus\\build\\utils.js:316:10)\n    at _callCircusTest (C:\\Users\\anjali.s08\\Desktop\\ReactWS\\REACT-with-Typescript\\EventEssence\\Event Essence\\EventEssence_ToTrainee\\node_modules\\jest-circus\\build\\run.js:218:40)\n    at processTicksAndRejections (node:internal/process/task_queues:95:5)\n    at _runTest (C:\\Users\\anjali.s08\\Desktop\\ReactWS\\REACT-with-Typescript\\EventEssence\\Event Essence\\EventEssence_ToTrainee\\node_modules\\jest-circus\\build\\run.js:155:3)\n    at _runTestsForDescribeBlock (C:\\Users\\anjali.s08\\Desktop\\ReactWS\\REACT-with-Typescript\\EventEssence\\Event Essence\\EventEssence_ToTrainee\\node_modules\\jest-circus\\build\\run.js:66:9)\n    at _runTestsForDescribeBlock (C:\\Users\\anjali.s08\\Desktop\\ReactWS\\REACT-with-Typescript\\EventEssence\\Event Essence\\EventEssence_ToTrainee\\node_modules\\jest-circus\\build\\run.js:60:9)\n    at run (C:\\Users\\anjali.s08\\Desktop\\ReactWS\\REACT-with-Typescript\\EventEssence\\Event Essence\\EventEssence_ToTrainee\\node_modules\\jest-circus\\build\\run.js:25:3)\n    at runAndTransformResultsToJestFormat (C:\\Users\\anjali.s08\\Desktop\\ReactWS\\REACT-with-Typescript\\EventEssence\\Event Essence\\EventEssence_ToTrainee\\node_modules\\jest-circus\\build\\legacy-code-todo-rewrite\\jestAdapterInit.js:170:21)\n    at jestAdapter (C:\\Users\\anjali.s08\\Desktop\\ReactWS\\REACT-with-Typescript\\EventEssence\\Event Essence\\EventEssence_ToTrainee\\node_modules\\jest-circus\\build\\legacy-code-todo-rewrite\\jestAdapter.js:82:19)\n    at runTestInternal (C:\\Users\\anjali.s08\\Desktop\\ReactWS\\REACT-with-Typescript\\EventEssence\\Event Essence\\EventEssence_ToTrainee\\node_modules\\jest-runner\\build\\runTest.js:389:16)\n    at runTest (C:\\Users\\anjali.s08\\Desktop\\ReactWS\\REACT-with-Typescript\\EventEssence\\Event Essence\\EventEssence_ToTrainee\\node_modules\\jest-runner\\build\\runTest.js:475:34)\n    at TestRunner.runTests (C:\\Users\\anjali.s08\\Desktop\\ReactWS\\REACT-with-Typescript\\EventEssence\\Event Essence\\EventEssence_ToTrainee\\node_modules\\jest-runner\\build\\index.js:101:12)\n    at TestScheduler.scheduleTests (C:\\Users\\anjali.s08\\Desktop\\ReactWS\\REACT-with-Typescript\\EventEssence\\Event Essence\\EventEssence_ToTrainee\\node_modules\\@jest\\core\\build\\TestScheduler.js:333:13)\n    at runJest (C:\\Users\\anjali.s08\\Desktop\\ReactWS\\REACT-with-Typescript\\EventEssence\\Event Essence\\EventEssence_ToTrainee\\node_modules\\@jest\\core\\build\\runJest.js:404:19)\n    at _run10000 (C:\\Users\\anjali.s08\\Desktop\\ReactWS\\REACT-with-Typescript\\EventEssence\\Event Essence\\EventEssence_ToTrainee\\node_modules\\@jest\\core\\build\\cli\\index.js:320:7)\n    at runCLI (C:\\Users\\anjali.s08\\Desktop\\ReactWS\\REACT-with-Typescript\\EventEssence\\Event Essence\\EventEssence_ToTrainee\\node_modules\\@jest\\core\\build\\cli\\index.js:173:3)\n    at Object.run (C:\\Users\\anjali.s08\\Desktop\\ReactWS\\REACT-with-Typescript\\EventEssence\\Event Essence\\EventEssence_ToTrainee\\node_modules\\jest-cli\\build\\cli\\index.js:155:37)"],"fullName":"Structural | Render | bootstrapClass Verifying form-check-input for second radio button","location":null,"status":"failed","title":"Verifying form-check-input for second radio button"},{"ancestorTitles":["Structural | Render | bootstrapClass"],"failureMessages":["Error: \u001b[2mexpect(\u001b[22m\u001b[31mreceived\u001b[39m\u001b[2m).toHaveAttribute()\u001b[22m\n\n\u001b[31mreceived\u001b[39m value must be an HTMLElement or an SVGElement.\nReceived has value: \u001b[31mundefined\u001b[39m\n    at __EXTERNAL_MATCHER_TRAP__ (C:\\Users\\anjali.s08\\Desktop\\ReactWS\\REACT-with-Typescript\\EventEssence\\Event Essence\\EventEssence_ToTrainee\\node_modules\\expect\\build\\index.js:386:30)\n    at Object.toHaveAttribute (C:\\Users\\anjali.s08\\Desktop\\ReactWS\\REACT-with-Typescript\\EventEssence\\Event Essence\\EventEssence_ToTrainee\\node_modules\\expect\\build\\index.js:387:15)\n    at Object.<anonymous> (C:\\Users\\anjali.s08\\Desktop\\ReactWS\\REACT-with-Typescript\\EventEssence\\Event Essence\\EventEssence_ToTrainee\\src\\App.test.tsx:156:19)\n    at Promise.then.completed (C:\\Users\\anjali.s08\\Desktop\\ReactWS\\REACT-with-Typescript\\EventEssence\\Event Essence\\EventEssence_ToTrainee\\node_modules\\jest-circus\\build\\utils.js:391:28)\n    at new Promise (<anonymous>)\n    at callAsyncCircusFn (C:\\Users\\anjali.s08\\Desktop\\ReactWS\\REACT-with-Typescript\\EventEssence\\Event Essence\\EventEssence_ToTrainee\\node_modules\\jest-circus\\build\\utils.js:316:10)\n    at _callCircusTest (C:\\Users\\anjali.s08\\Desktop\\ReactWS\\REACT-with-Typescript\\EventEssence\\Event Essence\\EventEssence_ToTrainee\\node_modules\\jest-circus\\build\\run.js:218:40)\n    at processTicksAndRejections (node:internal/process/task_queues:95:5)\n    at _runTest (C:\\Users\\anjali.s08\\Desktop\\ReactWS\\REACT-with-Typescript\\EventEssence\\Event Essence\\EventEssence_ToTrainee\\node_modules\\jest-circus\\build\\run.js:155:3)\n    at _runTestsForDescribeBlock (C:\\Users\\anjali.s08\\Desktop\\ReactWS\\REACT-with-Typescript\\EventEssence\\Event Essence\\EventEssence_ToTrainee\\node_modules\\jest-circus\\build\\run.js:66:9)\n    at _runTestsForDescribeBlock (C:\\Users\\anjali.s08\\Desktop\\ReactWS\\REACT-with-Typescript\\EventEssence\\Event Essence\\EventEssence_ToTrainee\\node_modules\\jest-circus\\build\\run.js:60:9)\n    at run (C:\\Users\\anjali.s08\\Desktop\\ReactWS\\REACT-with-Typescript\\EventEssence\\Event Essence\\EventEssence_ToTrainee\\node_modules\\jest-circus\\build\\run.js:25:3)\n    at runAndTransformResultsToJestFormat (C:\\Users\\anjali.s08\\Desktop\\ReactWS\\REACT-with-Typescript\\EventEssence\\Event Essence\\EventEssence_ToTrainee\\node_modules\\jest-circus\\build\\legacy-code-todo-rewrite\\jestAdapterInit.js:170:21)\n    at jestAdapter (C:\\Users\\anjali.s08\\Desktop\\ReactWS\\REACT-with-Typescript\\EventEssence\\Event Essence\\EventEssence_ToTrainee\\node_modules\\jest-circus\\build\\legacy-code-todo-rewrite\\jestAdapter.js:82:19)\n    at runTestInternal (C:\\Users\\anjali.s08\\Desktop\\ReactWS\\REACT-with-Typescript\\EventEssence\\Event Essence\\EventEssence_ToTrainee\\node_modules\\jest-runner\\build\\runTest.js:389:16)\n    at runTest (C:\\Users\\anjali.s08\\Desktop\\ReactWS\\REACT-with-Typescript\\EventEssence\\Event Essence\\EventEssence_ToTrainee\\node_modules\\jest-runner\\build\\runTest.js:475:34)\n    at TestRunner.runTests (C:\\Users\\anjali.s08\\Desktop\\ReactWS\\REACT-with-Typescript\\EventEssence\\Event Essence\\Event
[...]
/dist/query-helpers.js\u001b[2m:52:17\u001b[22m\u001b[2m\u001b[22m\n\u001b[2m      \u001b[2mat getByTestId (\u001b[22m\u001b[2mnode_modules/@testing-library/react/node_modules/@testing-library/dom/dist/query-helpers.js\u001b[2m:95:19)\u001b[22m\u001b[2m\u001b[22m\n\u001b[2m      \u001b[2mat Object.<anonymous> (\u001b[22m\u001b[2m\u001b[0m\u001b[36msrc/App.test.tsx\u001b[39m\u001b[0m\u001b[2m:184:35)\u001b[22m\u001b[2m\u001b[22m\n\u001b[2m      \u001b[2mat TestScheduler.scheduleTests (\u001b[22m\u001b[2mnode_modules/@jest/core/build/TestScheduler.js\u001b[2m:333:13)\u001b[22m\u001b[2m\u001b[22m\n\u001b[2m      \u001b[2mat runJest (\u001b[22m\u001b[2mnode_modules/@jest/core/build/runJest.js\u001b[2m:404:19)\u001b[22m\u001b[2m\u001b[22m\n\u001b[2m      \u001b[2mat _run10000 (\u001b[22m\u001b[2mnode_modules/@jest/core/build/cli/index.js\u001b[2m:320:7)\u001b[22m\u001b[2m\u001b[22m\n\u001b[2m      \u001b[2mat runCLI (\u001b[22m\u001b[2mnode_modules/@jest/core/build/cli/index.js\u001b[2m:173:3)\u001b[22m\u001b[2m\u001b[22m\n\n\u001b[1m\u001b[31m  \u001b[1m● \u001b[22m\u001b[1mStructural | Render | bootstrapClass › Verifying the form-group class of eventDate field\u001b[39m\u001b[22m\n\n    TestingLibraryElementError: Unable to find an element by: [data-testid=\"eventDate\"]\n\n    Ignored nodes: comments, script, style\n    \u001b[36m<body>\u001b[39m\n      \u001b[36m<div>\u001b[39m\n        \u001b[36m<div\u001b[39m\n          \u001b[33mclass\u001b[39m=\u001b[32m\"container\"\u001b[39m\n        \u001b[36m>\u001b[39m\n          \u001b[36m<div\u001b[39m\n            \u001b[33mclass\u001b[39m=\u001b[32m\"row\"\u001b[39m\n          \u001b[36m>\u001b[39m\n            \u001b[36m<br />\u001b[39m\n            \u001b[36m<div\u001b[39m\n              \u001b[33mclass\u001b[39m=\u001b[32m\"offset-md-1 col-md-4\"\u001b[39m\n            \u001b[36m>\u001b[39m\n              \u001b[36m<br />\u001b[39m\n              \u001b[36m<div>\u001b[39m\n                \u001b[36m<div\u001b[39m\n                  \u001b[33mclass\u001b[39m=\u001b[32m\"head\"\u001b[39m\n                \u001b[36m>\u001b[39m\n                  \u001b[36m<h3>\u001b[39m\n                    \u001b[36m<b>\u001b[39m\n                      \u001b[0mReserve your Event Date\u001b[0m\n                    \u001b[36m</b>\u001b[39m\n                  \u001b[36m</h3>\u001b[39m\n                \u001b[36m</div>\u001b[39m\n                \u001b[36m<div>\u001b[39m\n                  \u001b[36m<form\u001b[39m\n                    \u001b[33mclass\u001b[39m=\u001b[32m\"form\"\u001b[39m\n                  \u001b[36m/>\u001b[39m\n                \u001b[36m</div>\u001b[39m\n              \u001b[36m</div>\u001b[39m\n            \u001b[36m</div>\u001b[39m\n          \u001b[36m</div>\u001b[39m\n        \u001b[36m</div>\u001b[39m\n      \u001b[36m</div>\u001b[39m\n    \u001b[36m</body>\u001b[39m\n\u001b[2m\u001b[22m\n\u001b[2m    \u001b[0m \u001b[90m 189 |\u001b[39m   test(\u001b[32m\"Verifying the form-group class of eventDate field\"\u001b[39m\u001b[33m,\u001b[39m () \u001b[33m=>\u001b[39m {\u001b[22m\n\u001b[2m     \u001b[90m 190 |\u001b[39m     render(\u001b[33m<\u001b[39m\u001b[33mEventBooking\u001b[39m \u001b[33m/\u001b[39m\u001b[33m>\u001b[39m)\u001b[33m;\u001b[39m\u001b[22m\n\u001b[2m    \u001b[31m\u001b[1m>\u001b[22m\u001b[2m\u001b[39m\u001b[90m 191 |\u001b[39m     \u001b[36mconst\u001b[39m eventDateInput \u001b[33m=\u001b[39m screen\u001b[33m.\u001b[39mgetByTestId(\u001b[32m\"eventDate\"\u001b[39m)\u001b[33m;\u001b[39m\u001b[22m\n\u001b[2m     \u001b[90m     |\u001b[39m                                   \u001b[31m\u001b[1m^\u001b[22m\u001b[2m\u001b[39m\u001b[22m\n\u001b[2m     \u001b[90m 192 |\u001b[39m     \u001b[36mconst\u001b[39m formGroupElement \u001b[33m=\u001b[39m eventDateInput\u001b[33m.\u001b[39mclosest(\u001b[32m\".form-group\"\u001b[39m)\u001b[33m;\u001b[39m\u001b[22m\n\u001b[2m     \u001b[90m 193 |\u001b[39m     expect(formGroupElement)\u001b[33m.\u001b[39mtoBeInTheDocument()\u001b[33m;\u001b[39m\u001b[22m\n\u001b[2m     \u001b[90m 194 |\u001b[39m   })\u001b[33m;\u001b[39m\u001b[0m\u001b[22m\n\u001b[2m\u001b[22m\n\u001b[2m      \u001b[2mat Object.getElementError (\u001b[22m\u001b[2mnode_modules/@testing-library/react/node_modules/@testing-library/dom/dist/config.js\u001b[2m:37:19)\u001b[22m\u001b[2m\u001b[22m\n\u001b[2m      \u001b[2mat \u001b[22m\u001b[2mnode_modules/@testing-library/react/node_modules/@testing-library/dom/dist/query-helpers.js\u001b[2m:76:38\u001b[22m\u001b[2m\u001b[22m\n\u001b[2m      \u001b[2mat \u001b[22m\u001b[2mnode_modules/@testing-library/react/node_modules/@testing-library/dom/dist/query-helpers.js\u001b[2m:52:17\u001b[22m\u001b[2m\u001b[22m\n\u001b[2m      \u001b[2mat getByTestId (\u001b[22m\u001b[2mnode_modules/@testing-library/react/node_modules/@testing-library/dom/dist/query-helpers.js\u001b[2m:95:19)\u001b[22m\u001b[2m\u001b[22m\n\u001b[2m      \u001b[2mat Object.<anonymous> (\u001b[22m\u001b[2m\u001b[0m\u001b[36msrc/App.test.tsx\u001b[39m\u001b[0m\u001b[2m:191:35)\u001b[22m\u001b[2m\u001b[22m\n\u001b[2m      \u001b[2mat TestScheduler.scheduleTests (\u001b[22m\u001b[2mnode_modules/@jest/core/build/TestScheduler.js\u001b[2m:333:13)\u001b[22m\u001b[2m\u001b[22m\n\u001b[2m      \u001b[2mat runJest (\u001b[22m\u001b[2mnode_modules/@jest/core/build/runJest.js\u001b[2m:404:19)\u001b[22m\u001b[2m\u001b[22m\n\u001b[2m      \u001b[2mat _run10000 (\u001b[22m\u001b[2mnode_modules/@jest/core/build/cli/index.js\u001b[2m:320:7)\u001b[22m\u001b[2m\u001b[22m\n\u001b[2m      \u001b[2mat runCLI (\u001b[22m\u001b[2mnode_modules/@jest/core/build/cli/index.js\u001b[2m:173:3)\u001b[22m\u001b[2m\u001b[22m\n\n\u001b[1m\u001b[31m  \u001b[1m● \u001b[22m\u001b[1mStructural | Render | bootstrapClass › Verifying form-check-label for first radio button\u001b[39m\u001b[22m\n\n    \u001b[2mexpect(\u001b[22m\u001b[31mreceived\u001b[39m\u001b[2m).toBeInTheDocument()\u001b[22m\n\n    \u001b[31mreceived\u001b[39m value must be an HTMLElement or an SVGElement.\n    Received has value: \u001b[31mundefined\u001b[39m\n\u001b[2m\u001b[22m\n\u001b[2m    \u001b[0m \u001b[90m 200 |\u001b[39m       \u001b[32m'label[class=\"form-check-label\"]'\u001b[39m\u001b[22m\n\u001b[2m     \u001b[90m 201 |\u001b[39m     )[\u001b[35m0\u001b[39m]\u001b[33m;\u001b[39m\u001b[22m\n\u001b[2m    \u001b[31m\u001b[1m>\u001b[22m\u001b[2m\u001b[39m\u001b[90m 202 |\u001b[39m     expect(radio)\u001b[33m.\u001b[39mtoBeInTheDocument()\u001b[33m;\u001b[39m\u001b[22m\n\u001b[2m     \u001b[90m     |\u001b[39m                   \u001b[31m\u001b[1m^\u001b[22m\u001b[2m\u001b[39m\u001b[22m\n\u001b[2m     \u001b[90m 203 |\u001b[39m   })\u001b[33m;\u001b[39m\u001b[22m\n\u001b[2m     \u001b[90m 204 |\u001b[39m\u001b[22m\n\u001b[2m     \u001b[90m 205 |\u001b[39m   test(\u001b[32m\"Verifying form-check-label for second radio button\"\u001b[39m\u001b[33m,\u001b[39m () \u001b[33m=>\u001b[39m {\u001b[0m\u001b[22m\n\u001b[2m\u001b[22m\n\u001b[2m      \u001b[2mat __EXTERNAL_MATCHER_TRAP__ (\u001b[22m\u001b[2mnode_modules/expect/build/index.js\u001b[2m:386:30)\u001b[22m\u001b[2m\u001b[22m\n\u001b[2m      \u001b[2mat Object.toBeInTheDocument (\u001b[22m\u001b[2mnode_modules/expect/build/index.js\u001b[2m:387:15)\u001b[22m\u001b[2m\u001b[22m\n\u001b[2m      \u001b[2mat Object.<anonymous> (\u001b[22m\u001b[2m\u001b[0m\u001b[36msrc/App.test.tsx\u001b[39m\u001b[0m\u001b[2m:202:19)\u001b[22m\u001b[2m\u001b[22m\n\u001b[2m      \u001b[2mat TestScheduler.scheduleTests (\u001b[22m\u001b[2mnode_modules/@jest/core/build/TestScheduler.js\u001b[2m:333:13)\u001b[22m\u001b[2m\u001b[22m\n\u001b[2m      \u001b[2mat runJest (\u001b[22m\u001b[2mnode_modules/@jest/core/build/runJest.js\u001b[2m:404:19)\u001b[22m\u001b[2m\u001b[22m\n\u001b[2m      \u001b[2mat _run10000 (\u001b[22m\u001b[2mnode_modules/@jest/core/build/cli/index.js\u001b[2m:320:7)\u001b[22m\u001b[2m\u001b[22m\n\u001b[2m      \u001b[2mat runCLI (\u001b[22m\u001b[2mnode_modules/@jest/core/build/cli/index.js\u001b[2m:173:3)\u001b[22m\u001b[2m\u001b[22m\n\n\u001b[1m\u001b[31m  \u001b[1m● \u001b[22m\u001b[1mStructural | Render | bootstrapClass › Verifying form-check-label for second radio button\u001b[39m\u001b[22m\n\n    \u001b[2mexpect(\u001b[22m\u001b[31mreceived\u001b[39m\u001b[2m).toBeInTheDocument()\u001b[22m\n\n    \u001b[31mreceived\u001b[39m value must be an HTMLElement or an SVGElement.\n    Received has value: \u001b[31mundefined\u001b[39m\n\u001b[2m\u001b[22m\n\u001b[2m    \u001b[0m \u001b[90m 208 |\u001b[39m       \u001b[32m'label[class=\"form-check-label\"]'\u001b[39m\u001b[22m\n\u001b[2m     \u001b[90m 209 |\u001b[39m     )[\u001b[35m1\u001b[39m]\u001b[33m;\u001b[39m\u001b[22m\n\u001b[2m    \u001b[31m\u001b[1m>\u001b[22m\u001b[2m\u001b[39m\u001b[90m 210 |\u001b[39m     expect(radio)\u001b[33m.\u001b[39mtoBeInTheDocument()\u001b[33m;\u001b[39m\u001b[22m\n\u001b[2m     \u001b[90m     |\u001b[39m                   \u001b[31m\u001b[1m^\u001b[22m\u001b[2m\u001b[39m\u001b[22m\n\u001b[2m     \u001b[90m 211 |\u001b[39m   })\u001b[33m;\u001b[39m\u001b[22m\n\u001b[2m     \u001b[90m 212 |\u001b[39m\u001b[22m\n\u001b[2m     \u001b[90m 213 |\u001b[39m   test(\u001b[32m\"Verifying form-check-label for third radio button\"\u001b[39m\u001b[33m,\u001b[39m () \u001b[33m=>\u001b[39m {\u001b[0m\u001b[22m\n\u001b[2m\u001b[22m\n\u001b[2m      \u001b[2mat __EXTERNAL_MATCHER_TRAP__ (\u001b[22m\u001b[2mnode_modules/expect/build/index.js\u001b[2m:386:30)\u001b[22m\u001b[2m\u001b[22m\n\u001b[2m      \u001b[2mat Object.toBeInTheDocument (\u001b[22m\u001b[2mnode_modules/expect/build/index.js\u001b[2m:387:15)\u001b[22m\u001b[2m\u001b[22m\n\u001b[2m      \u001b[2mat Object.<anonymous> (\u001b[22m\u001b[2m\u001b[0m\u001b[36msrc/App.test.tsx\u001b[39m\u001b[0m\u001b[2m:210:19)\u001b[22m\u001b[2m\u001b[22m\n\u001b[2m      \u001b[2mat TestScheduler.scheduleTests (\u001b[22m\u001b[2mnode_modules/@jest/core/build/TestScheduler.js\u001b[2m:333:13)\u001b[22m\u001b[2m\u001b[22m\n\u001b[2m      \u001b[2mat runJest (\u001b[22m\u001b[2mnode_modules/@jest/core/build/runJest.js\u001b[2m:404:19)\u001b[22m\u001b[2m\u001b[22m\n\u001b[2m      \u001b[2mat _run10000 (\u001b[22m\u001b[2mnode_modules/@jest/core/build/cli/index.js\u001b[2m:320:7)\u001b[22m\u001b[2m\u001b[22m\n\u001b[2m      \u001b[2mat runCLI (\u001b[22m\u001b[2mnode_modules/@jest/core/build/cli/index.js\u001b[2m:173:3)\u001b[22m\u001b[2m\u001b[22m\n\n\u001b[1m\u001b[31m  \u001b[1m● \u001b[22m\u001b[1mStructural | Render | bootstrapClass › Verifying form-check-label for third radio button\u001b[39m\u001b[22m\n\n    \u001b[2mexpect(\u001b[22m\u001b[31mreceived\u001b[39m\u001b[2m).toBeInTheDocument()\u001b[22m\n\n    \u001b[31mreceived\u001b[39m value must be an HTMLElement or an SVGElement.\n    Received has value: \u001b[31mundefined\u001b[39m\n\u001b[2m\u001b[22m\n\u001b[2m    \u001b[0m \u001b[90m 216 |\u001b[39m       \u001b[32m'label[class=\"form-check-label\"]'\u001b[39m\u001b[22m\n\u001b[2m     \u001b[90m 217 |\u001b[39m     )[\u001b[35m2\u001b[39m]\u001b[33m;\u001b[39m\u001b[22m\n\u001b[2m    \u001b[31m\u001b[1m>\u001b[22m\u001b[2m\u001b[39m\u001b[90m 218 |\u001b[39m     expect(radio)\u001b[33m.\u001b[39mtoBeInTheDocument()\u001b[33m;\u001b[39m\u001b[22m\n\u001b[2m     \u001b[90m     |\u001b[39m                   \u001b[31m\u001b[1m^\u001b[22m\u001b[2m\u001b[39m\u001b[22m\n\u001b[2m     \u001b[90m 219 |\u001b[39m   })\u001b[33m;\u001b[39m\u001b[22m\n\u001b[2m     \u001b[90m 220 |\u001b[39m\u001b[22m\n\u001b[2m     \u001b[90m 221 |\u001b[39m   \u001b[90m//   verifying the form-check form-check-inline for radio button\u001b[39m\u001b[0m\u001b[22m\n\u001b[2m\u001b[22m\n\u001b[2m      \u001b[2mat __EXTERNAL_MATCHER_TRAP__ (\u001b[22m\u001b[2mnode_modules/expect/build/index.js\u001b[2m:386:30)\u001b[22m\u001b[2m\u001b[22m\n\u001b[2m      \u001b[2mat Object.toBeInTheDocument (\u001b[22m\u001b[2mnode_modules/expect/build/index.js\u001b[2m:387:15)\u001b[22m\u001b[2m\u001b[22m\n\u001b[2m      \u001b[2mat Object.<anonymous> (\u001b[22m\u001b[2m\u001b[0m\u001b[36msrc/App.test.tsx\u001b[39m\u001b[0m\u001b[2m:218:19)\u001b[22m\u001b[2m\u001b[22m\n\u001b[2m      \u001b[2mat TestScheduler.scheduleTests (\u001b[22m\u001b[2mnode_modules/@jest/core/build/TestScheduler.js\u001b[2m:333:13)\u001b[22m\u001b[2m\u001b[22m\n\u001b[2m      \u001b[2mat runJest (\u001b[22m\u001b[2mnode_modules/@jest/core/build/runJest.js\u001b[2m:404:19)\u001b[22m\u001b[2m\u001b[22m\n\u001b[2m      \u001b[2mat _run10000 (\u001b[22m\u001b[2mnode_modules/@jest/core/build/cli/index.js\u001b[2m:320:7)\u001b[22m\u001b[2m\u001b[22m\n\u001b[2m      \u001b[2mat runCLI (\u001b[22m\u001b[2mnode_modules/@jest/core/build/cli/index.js\u001b[2m:173:3)\u001b[22m\u001b[2m\u001b[22m\n\n\u001b[1m\u001b[31m  \u001b[1m● \u001b[22m\u001b[1mStructural | Render | bootstrapClass › Verifying form-check form-check-inline for first radio button\u001b[39m\u001b[22m\n\n    \u001b[2mexpect(\u001b[22m\u001b[31mreceived\u001b[39m\u001b[2m).toBeInTheDocument()\u001b[22m\n\n    \u001b[31mreceived\u001b[39m value must be an HTMLElement or an SVGElement.\n    Received has value: \u001b[31mundefined\u001b[39m\n\u001b[2m\u001b[22m\n\u001b[2m    \u001b[0m \u001b[90m 225 |\u001b[39m       \u001b[32m'div[class=\"form-check form-check-inline\"]'\u001b[39m\u001b[22m\n\u001b[2m     \u001b[90m 226 |\u001b[39m     )[\u001b[35m0\u001b[39m]\u001b[33m;\u001b[39m\u001b[22m\n\u001b[2m    \u001b[31m\u001b[1m>\u001b[22m\u001b[2m\u001b[39m\u001b[90m 227 |\u001b[39m     expect(radio)\u001b[33m.\u001b[39mtoBeInTheDocument()\u001b[33m;\u001b[39m\u001b[22m\n\u001b[2m     \u001b[90m     |\u001b[39m                   \u001b[31m\u001b[1m^\u001b[22m\u001b[2m\u001b[39m\u001b[22m\n\u001b[2m     \u001b[90m 228 |\u001b[39m   })\u001b[33m;\u001b[39m\u001b[22m\n\u001b[2m     \u001b[90m 229 |\u001b[39m\u001b[22m\n\u001b[2m     \u001b[90m 230 |\u001b[39m   test(\u001b[32m\"Verifying form-check form-check-inline for second radio button\"\u001b[39m\u001b[33m,\u001b[39m () \u001b[33m=>\u001b[39m {\u001b[0m\u001b[22m\n\u001b[2m\u001b[22m\n\u001b[2m      \u001b[2mat __EXTERNAL_MATCHER_TRAP__ (\u001b[22m\u001b[2mnode_modules/expect/build/index.js\u001b[2m:386:30)\u001b[22m\u001b[2m\u001b[22m\n\u001b[2m      \u001b[2mat Object.toBeInTheDocument (\u001b[22m\u001b[2mnode_modules/expect/build/index.js\u001b[2m:387:15)\u001b[22m\u001b[2m\u001b[22m\n\u001b[2m      \u001b[2mat Object.<anonymous> (\u001b[22m\u001b[2m\u001b[0m\u001b[36msrc/App.test.tsx\u001b[39m\u001b[0m\u001b[2m:227:19)\u001b[22m\u001b[2m\u001b[22m\n\u001b[2m      \u001b[2mat TestScheduler.scheduleTests (\u001b[22m\u001b[2mnode_modules/@jest/core/build/TestScheduler.js\u001b[2m:333:13)\u001b[22m\u001b[2m\u001b[22m\n\u001b[2m      \u001b[2mat runJest (\u001b[22m\u001b[2mnode_modules/@jest/core/build/runJest.js\u001b[2m:404:19)\u001b[22m\u001b[2m\u001b[22m\n\u001b[2m      \u001b[2mat _run10000 (\u001b[22m\u001b[2mnode_modules/@jest/core/build/cli/index.js\u001b[2m:320:7)\u001b[22m\u001b[2m\u001b[22m\n\u001b[2m      \u001b[2mat runCLI (\u001b[22m\u001b[2mnode_modules/@jest/core/build/cli/index.js\u001b[2m:173:3)\u001b[22m\u001b[2m\u001b[22m\n\n\u001b[1m\u001b[31m  \u001b[1m● \u001b[22m\u001b[1mStructural | Render | bootstrapClass › Verifying form-check form-check-inline for second radio button\u001b[39m\u001b[22m\n\n    \u001b[2mexpect(\u001b[22m\u001b[31mreceived\u001b[39m\u001b[2m).toBeInTheDocument()\u001b[22m\n\n    \u001b[31mreceived\u001b[39m value must be an HTMLElement or an SVGElement.\n    Received has value: \u001b[31mundefined\u001b[39m\n\u001b[2m\u001b[22m\n\u001b[2m    \u001b[0m \u001b[90m 233 |\u001b[39m       \u001b[32m'div[class=\"form-check form-check-inline\"]'\u001b[39m\u001b[22m\n\u001b[2m     \u001b[90m 234 |\u001b[39m     )[\u001b[35m1\u001b[39m]\u001b[33m;\u001b[39m\u001b[22m\n\u001b[2m    \u001b[31m\u001b[1m>\u001b[22m\u001b[2m\u001b[39m\u001b[90m 235 |\u001b[39m     expect(radio)\u001b[33m.\u001b[39mtoBeInTheDocument()\u001b[33m;\u001b[39m\u001b[22m\n\u001b[2m     \u001b[90m     |\u001b[39m                   \u001b[31m\u001b[1m^\u001b[22m\u001b[2m\u001b[39m\u001b[22m\n\u001b[2m     \u001b[90m 236 |\u001b[39m   })\u001b[33m;\u001b[39m\u001b[22m\n\u001b[2m     \u001b[90m 237 |\u001b[39m\u001b[22m\n\u001b[2m     \u001b[90m 238 |\u001b[39m   test(\u001b[32m\"Verifying form-check form-check-inline for third radio button\"\u001b[39m\u001b[33m,\u001b[39m () \u001b[33m=>\u001b[39m {\u001b[0m\u001b[22m\n\u001b[2m\u001b[22m\n\u001b[2m      \u001b[2mat __EXTERNAL_MATCHER_TRAP__ (\u001b[22m\u001b[2mnode_modules/expect/build/index.js\u001b[2m:386:30)\u001b[22m\u001b[2m\u001b[22m\n\u001b[2m      \u001b[2mat Object.toBeInTheDocument (\u001b[22m\u001b[2mnode_modules/expect/build/index.js\u001b[2m:387:15)\u001b[22m\u001b[2m\u001b[22m\n\u001b[2m      \u001b[2mat Object.<anonymous> (\u001b[22m\u001b[2m\u001b[0m\u001b[36msrc/App.test.tsx\u001b[39m\u001b[0m\u001b[2m:235:19)\u001b[22m\u001b[2m\u001b[22m\n\u001b[2m      \u001b[2mat TestScheduler.scheduleTests (\u001b[22m\u001b[2mnode_modules/@jest/core/build/TestScheduler.js\u001b[2m:333:13)\u001b[22m\u001b[2m\u001b[22m\n\u001b[2m      \u001b[2mat runJest (\u001b[22m\u001b[2mnode_modules/@jest/core/build/runJest.js\u001b[2m:404:19)\u001b[22m\u001b[2m\u001b[22m\n\u001b[2m      \u001b[2mat _run10000 (\u001b[22m\u001b[2mnode_modules/@jest/core/build/cli/index.js\u001b[2m:320:7)\u001b[22m\u001b[2m\u001b[22m\n\u001b[2m      \u001b[2mat runCLI (\u001b[22m\u001b[2mnode_modules/@jest/core/build/cli/index.js\u001b[2m:173:3)\u001b[22m\u001b[2m\u001b[22m\n\n\u001b[1m\u001b[31m  \u001b[1m● \u001b[22m\u001b[1mStructural | Render | bootstrapClass › Verifying form-check form-check-inline for third radio button\u001b[39m\u001b[22m\n\n    \u001b[2mexpect(\u001b[22m\u001b[31mreceived\u001b[39m\u001b[2m).toBeInTheDocument()\u001b[22m\n\n    \u001b[31mreceived\u001b[39m value must be an HTMLElement or an SVGElement.\n    Received has value: \u001b[31mundefined\u001b[39m\n\u001b[2m\u001b[22m\n\u001b[2m    \u001b[0m \u001b[90m 241 |\u001b[39m       \u001b[32m'div[class=\"form-check form-check-inline\"]'\u001b[39m\u001b[22m\n\u001b[2m     \u001b[90m 242 |\u001b[39m     )[\u001b[35m2\u001b[39m]\u001b[33m;\u001b[39m\u001b[22m\n\u001b[2m    \u001b[31m\u001b[1m>\u001b[22m\u001b[2m\u001b[39m\u001b[90m 243 |\u001b[39m     expect(radio)\u001b[33m.\u001b[39mtoBeInTheDocument()\u001b[33m;\u001b[39m\u001b[22m\n\u001b[2m     \u001b[90m     |\u001b[39m                   \u001b[31m\u001b[1m^\u001b[22m\u001b[2m\u001b[39m\u001b[22m\n\u001b[2m     \u001b[90m 244 |\u001b[39m   })\u001b[33m;\u001b[39m\u001b[22m\n\u001b[2m     \u001b[90m 245 |\u001b[39m   })\u001b[33m;\u001b[39m\u001b[0m\u001b[22m\n\u001b[2m\u001b[22m\n\u001b[2m      \u001b[2mat __EXTERNAL_MATCHER_TRAP__ (\u001b[22m\u001b[2mnode_modules/expect/build/index.js\u001b[2m:386:30)\u001b[22m\u001b[2m\u001b[22m\n\u001b[2m      \u001b[2mat Object.toBeInTheDocument (\u001b[22m\u001b[2mnode_modules/expect/build/index.js\u001b[2m:387:15)\u001b[22m\u001b[2m\u001b[22m\n\u001b[2m      \u001b[2mat Object.<anonymous> (\u001b[22m\u001b[2m\u001b[0m\u001b[36msrc/App.test.tsx\u001b[39m\u001b[0m\u001b[2m:243:19)\u001b[22m\u001b[2m\u001b[22m\n\u001b[2m      \u001b[2mat TestScheduler.scheduleTests (\u001b[22m\u001b[2mnode_modules/@jest/core/build/TestScheduler.js\u001b[2m:333:13)\u001b[22m\u001b[2m\u001b[22m\n\u001b[2m      \u001b[2mat runJest (\u001b[22m\u001b[2mnode_modules/@jest/core/build/runJest.js\u001b[2m:404:19)\u001b[22m\u001b[2m\u001b[22m\n\u001b[2m      \u001b[2mat _run10000 (\u001b[22m\u001b[2mnode_modules/@jest/core/build/cli/index.js\u001b[2m:320:7)\u001b[22m\u001b[2m\u001b[22m\n\u001b[2m      \u001b[2mat runCLI (\u001b[22m\u001b[2mnode_modules/@jest/core/build/cli/index.js\u001b[2m:173:3)\u001b[22m\u001b[2m\u001b[22m\n","name":"C:\\Users\\anjali.s08\\Desktop\\ReactWS\\REACT-with-Typescript\\EventEssence\\Event Essence\\EventEssence_ToTrainee\\src\\App.test.tsx","startTime":1735817673799,"status":"failed","summary":""}],"wasInterrupted":false}